2025-11-18 10:45:27,839 - INFO - 开始处理文件夹: .\image\, 天数=7, 质量=65
2025-11-18 10:45:27,841 - INFO - 找到 18 个图片文件
2025-11-18 10:45:27,984 - INFO - 压缩成功: List_03i.JPG (2.15MB -> 1.51MB, 节省: 0.64MB)
2025-11-18 10:45:28,100 - INFO - 压缩成功: List_04i.JPG (2.06MB -> 1.47MB, 节省: 0.59MB)
2025-11-18 10:45:28,211 - INFO - 压缩成功: List_05i.JPG (1.87MB -> 1.32MB, 节省: 0.55MB)
2025-11-18 10:45:28,434 - INFO - 压缩成功: List_06i-18i.JPG (4.27MB -> 3.07MB, 节省: 1.20MB)
2025-11-18 10:45:28,558 - INFO - 压缩成功: List_07i.JPG (2.33MB -> 1.67MB, 节省: 0.66MB)
2025-11-18 10:45:28,951 - INFO - 压缩成功: List_08t.JPG (4.63MB -> 2.91MB, 节省: 1.71MB)
2025-11-18 10:45:29,063 - INFO - 压缩成功: List_08tz-13tz.JPG (1.14MB -> 0.78MB, 节省: 0.37MB)
2025-11-18 10:45:29,487 - INFO - 压缩成功: List_09t.JPG (5.57MB -> 3.63MB, 节省: 1.93MB)
2025-11-18 10:45:29,890 - INFO - 压缩成功: List_10t.JPG (5.06MB -> 3.36MB, 节省: 1.70MB)
2025-11-18 10:45:30,277 - INFO - 压缩成功: List_11t.JPG (5.17MB -> 3.31MB, 节省: 1.86MB)
2025-11-18 10:45:30,665 - INFO - 压缩成功: List_12t.JPG (4.56MB -> 2.97MB, 节省: 1.60MB)
2025-11-18 10:45:31,094 - INFO - 压缩成功: List_13t.JPG (5.23MB -> 3.44MB, 节省: 1.79MB)
2025-11-18 10:45:31,181 - INFO - 压缩成功: List_14t.JPG (0.99MB -> 0.66MB, 节省: 0.33MB)
2025-11-18 10:45:31,266 - INFO - 压缩成功: List_15tb.JPG (0.60MB -> 0.44MB, 节省: 0.16MB)
2025-11-18 10:45:31,356 - INFO - 压缩成功: List_16tb.JPG (0.36MB -> 0.24MB, 节省: 0.12MB)
2025-11-18 10:45:31,445 - INFO - 压缩成功: List_17i.JPG (0.74MB -> 0.56MB, 节省: 0.18MB)
2025-11-18 10:45:31,587 - INFO - 压缩成功: List_19i.JPG (2.04MB -> 1.45MB, 节省: 0.59MB)
2025-11-18 10:45:31,711 - INFO - 压缩成功: List_20i.JPG (1.86MB -> 1.31MB, 节省: 0.55MB)
2025-11-18 10:45:31,711 - INFO - 处理完成: 共处理 18 个文件，节省 16.53 MB
2025-11-18 10:46:49,321 - INFO - 开始处理文件夹: .\image\, 天数=7, 质量=65
2025-11-18 10:46:49,322 - INFO - 找到 18 个图片文件
2025-11-18 10:46:49,323 - INFO - 处理完成: 共处理 0 个文件，节省 0.00 MB
2025-11-18 10:47:18,504 - INFO - 开始处理文件夹: .\image\, 天数=7, 质量=65
2025-11-18 10:47:18,506 - INFO - 找到 29 个图片文件
2025-11-18 10:47:18,638 - INFO - 压缩成功: List_03i.JPG (2.15MB -> 1.51MB, 节省: 0.64MB)
2025-11-18 10:47:18,759 - INFO - 压缩成功: List_04i.JPG (2.06MB -> 1.47MB, 节省: 0.59MB)
2025-11-18 10:47:18,867 - INFO - 压缩成功: List_05i.JPG (1.87MB -> 1.32MB, 节省: 0.55MB)
2025-11-18 10:47:19,088 - INFO - 压缩成功: List_06i-18i.JPG (4.27MB -> 3.07MB, 节省: 1.20MB)
2025-11-18 10:47:19,208 - INFO - 压缩成功: List_07i.JPG (2.33MB -> 1.67MB, 节省: 0.66MB)
2025-11-18 10:47:19,606 - INFO - 压缩成功: List_08t.JPG (4.63MB -> 2.91MB, 节省: 1.71MB)
2025-11-18 10:47:19,731 - INFO - 压缩成功: List_08tz-13tz.JPG (1.14MB -> 0.78MB, 节省: 0.37MB)
2025-11-18 10:47:20,161 - INFO - 压缩成功: List_09t.JPG (5.57MB -> 3.63MB, 节省: 1.93MB)
2025-11-18 10:47:20,597 - INFO - 压缩成功: List_10t.JPG (5.06MB -> 3.36MB, 节省: 1.70MB)
2025-11-18 10:47:21,027 - INFO - 压缩成功: List_11t.JPG (5.17MB -> 3.31MB, 节省: 1.86MB)
2025-11-18 10:47:21,461 - INFO - 压缩成功: List_12t.JPG (4.56MB -> 2.97MB, 节省: 1.60MB)
2025-11-18 10:47:21,903 - INFO - 压缩成功: List_13t.JPG (5.23MB -> 3.44MB, 节省: 1.79MB)
2025-11-18 10:47:22,002 - INFO - 压缩成功: List_14t.JPG (0.99MB -> 0.66MB, 节省: 0.33MB)
2025-11-18 10:47:22,096 - INFO - 压缩成功: List_15tb.JPG (0.60MB -> 0.44MB, 节省: 0.16MB)
2025-11-18 10:47:22,184 - INFO - 压缩成功: List_16tb.JPG (0.36MB -> 0.24MB, 节省: 0.12MB)
2025-11-18 10:47:22,279 - INFO - 压缩成功: List_17i.JPG (0.74MB -> 0.56MB, 节省: 0.18MB)
2025-11-18 10:47:22,426 - INFO - 压缩成功: List_19i.JPG (2.04MB -> 1.45MB, 节省: 0.59MB)
2025-11-18 10:47:22,567 - INFO - 压缩成功: List_20i.JPG (1.86MB -> 1.31MB, 节省: 0.55MB)
2025-11-18 10:47:23,392 - INFO - 压缩成功: 屏幕截图 2025-03-18 151348.png (1.15MB -> 0.93MB, 节省: 0.22MB)
2025-11-18 10:47:25,571 - INFO - 压缩成功: 屏幕截图 2025-03-18 151403.png (2.58MB -> 2.16MB, 节省: 0.42MB)
2025-11-18 10:47:27,983 - INFO - 压缩成功: 屏幕截图 2025-03-18 151422.png (2.19MB -> 1.79MB, 节省: 0.39MB)
2025-11-18 10:47:30,404 - INFO - 压缩成功: 屏幕截图 2025-03-18 190321.png (2.21MB -> 1.82MB, 节省: 0.39MB)
2025-11-18 10:47:32,972 - INFO - 压缩成功: 屏幕截图 2025-03-20 132456.png (2.22MB -> 1.83MB, 节省: 0.39MB)
2025-11-18 10:47:33,923 - INFO - 压缩成功: 屏幕截图 2025-03-20 201215.png (1.19MB -> 0.96MB, 节省: 0.23MB)
2025-11-18 10:47:35,210 - INFO - 压缩成功: 屏幕截图 2025-03-20 201229.png (3.46MB -> 3.18MB, 节省: 0.28MB)
2025-11-18 10:47:38,031 - INFO - 压缩成功: 屏幕截图 2025-03-29 174308.png (1.99MB -> 1.58MB, 节省: 0.41MB)
2025-11-18 10:47:41,010 - INFO - 压缩成功: 屏幕截图 2025-03-29 174319.png (1.86MB -> 1.45MB, 节省: 0.41MB)
2025-11-18 10:47:41,776 - INFO - 压缩成功: 屏幕截图(3).png (1.95MB -> 1.67MB, 节省: 0.28MB)
2025-11-18 10:47:42,913 - INFO - 压缩成功: 屏幕截图(4).png (1.06MB -> 0.90MB, 节省: 0.16MB)
2025-11-18 10:47:42,914 - INFO - 处理完成: 共处理 29 个文件，节省 20.11 MB
2025-11-18 10:48:17,558 - INFO - 开始处理文件夹: .\image\, 天数=7, 质量=65
2025-11-18 10:48:17,561 - INFO - 找到 38 个图片文件
2025-11-18 10:48:17,750 - INFO - 压缩成功: List_01.JPG (4.06MB -> 2.25MB, 节省: 1.81MB)
2025-11-18 10:48:17,866 - INFO - 压缩成功: List_02i.JPG (2.10MB -> 1.58MB, 节省: 0.52MB)
2025-11-18 10:48:17,976 - INFO - 压缩成功: List_03i.JPG (2.15MB -> 1.51MB, 节省: 0.64MB)
2025-11-18 10:48:18,101 - INFO - 压缩成功: List_04i.JPG (2.06MB -> 1.47MB, 节省: 0.59MB)
2025-11-18 10:48:18,213 - INFO - 压缩成功: List_05i.JPG (1.87MB -> 1.32MB, 节省: 0.55MB)
2025-11-18 10:48:18,457 - INFO - 压缩成功: List_06i-18i.JPG (4.27MB -> 3.07MB, 节省: 1.20MB)
2025-11-18 10:48:18,588 - INFO - 压缩成功: List_07i.JPG (2.33MB -> 1.67MB, 节省: 0.66MB)
2025-11-18 10:48:19,045 - INFO - 压缩成功: List_08t.JPG (4.63MB -> 2.91MB, 节省: 1.71MB)
2025-11-18 10:48:19,155 - INFO - 压缩成功: List_08tz-13tz.JPG (1.14MB -> 0.78MB, 节省: 0.37MB)
2025-11-18 10:48:19,582 - INFO - 压缩成功: List_09t.JPG (5.57MB -> 3.63MB, 节省: 1.93MB)
2025-11-18 10:48:19,968 - INFO - 压缩成功: List_10t.JPG (5.06MB -> 3.36MB, 节省: 1.70MB)
2025-11-18 10:48:20,352 - INFO - 压缩成功: List_11t.JPG (5.17MB -> 3.31MB, 节省: 1.86MB)
2025-11-18 10:48:20,751 - INFO - 压缩成功: List_12t.JPG (4.56MB -> 2.97MB, 节省: 1.60MB)
2025-11-18 10:48:21,150 - INFO - 压缩成功: List_13t.JPG (5.23MB -> 3.44MB, 节省: 1.79MB)
2025-11-18 10:48:21,246 - INFO - 压缩成功: List_14t.JPG (0.99MB -> 0.66MB, 节省: 0.33MB)
2025-11-18 10:48:21,329 - INFO - 压缩成功: List_15tb.JPG (0.60MB -> 0.44MB, 节省: 0.16MB)
2025-11-18 10:48:21,403 - INFO - 压缩成功: List_16tb.JPG (0.36MB -> 0.24MB, 节省: 0.12MB)
2025-11-18 10:48:21,486 - INFO - 压缩成功: List_17i.JPG (0.74MB -> 0.56MB, 节省: 0.18MB)
2025-11-18 10:48:21,595 - INFO - 压缩成功: List_19i.JPG (2.04MB -> 1.45MB, 节省: 0.59MB)
2025-11-18 10:48:21,699 - INFO - 压缩成功: List_20i.JPG (1.86MB -> 1.31MB, 节省: 0.55MB)
2025-11-18 10:48:21,791 - INFO - 压缩成功: List_21i.JPG (1.35MB -> 0.96MB, 节省: 0.39MB)
2025-11-18 10:48:21,866 - INFO - 压缩成功: List_22i.JPG (0.67MB -> 0.48MB, 节省: 0.19MB)
2025-11-18 10:48:22,028 - INFO - 压缩成功: List_23.JPG (4.03MB -> 2.28MB, 节省: 1.75MB)
2025-11-18 10:48:23,664 - INFO - 压缩成功: 屏幕截图 2024-12-22 123823.png (2.76MB -> 2.33MB, 节省: 0.44MB)
2025-11-18 10:48:24,360 - INFO - 压缩成功: 屏幕截图 2025-03-18 151348.png (1.15MB -> 0.93MB, 节省: 0.22MB)
2025-11-18 10:48:26,391 - INFO - 压缩成功: 屏幕截图 2025-03-18 151403.png (2.58MB -> 2.16MB, 节省: 0.42MB)
2025-11-18 10:48:28,693 - INFO - 压缩成功: 屏幕截图 2025-03-18 151422.png (2.19MB -> 1.79MB, 节省: 0.39MB)
2025-11-18 10:48:31,005 - INFO - 压缩成功: 屏幕截图 2025-03-18 190321.png (2.21MB -> 1.82MB, 节省: 0.39MB)
2025-11-18 10:48:33,424 - INFO - 压缩成功: 屏幕截图 2025-03-20 132456.png (2.22MB -> 1.83MB, 节省: 0.39MB)
2025-11-18 10:48:34,202 - INFO - 压缩成功: 屏幕截图 2025-03-20 201215.png (1.19MB -> 0.96MB, 节省: 0.23MB)
2025-11-18 10:48:35,403 - INFO - 压缩成功: 屏幕截图 2025-03-20 201229.png (3.46MB -> 3.18MB, 节省: 0.28MB)
2025-11-18 10:48:38,123 - INFO - 压缩成功: 屏幕截图 2025-03-29 174308.png (1.99MB -> 1.58MB, 节省: 0.41MB)
2025-11-18 10:48:40,896 - INFO - 压缩成功: 屏幕截图 2025-03-29 174319.png (1.86MB -> 1.45MB, 节省: 0.41MB)
2025-11-18 10:48:41,656 - INFO - 压缩成功: 屏幕截图(3).png (1.95MB -> 1.67MB, 节省: 0.28MB)
2025-11-18 10:48:42,708 - INFO - 压缩成功: 屏幕截图(4).png (1.06MB -> 0.90MB, 节省: 0.16MB)
2025-11-18 10:48:43,839 - INFO - 压缩成功: 屏幕截图(5).png (1.10MB -> 0.94MB, 节省: 0.16MB)
2025-11-18 10:48:44,585 - INFO - 压缩成功: 屏幕截图(7).png (1.17MB -> 1.05MB, 节省: 0.12MB)
2025-11-18 10:48:45,539 - INFO - 压缩成功: 屏幕截图(9).png (0.99MB -> 0.84MB, 节省: 0.16MB)
2025-11-18 10:48:45,539 - INFO - 处理完成: 共处理 38 个文件，节省 25.65 MB
2025-11-18 10:56:28,852 - INFO - 开始处理文件夹: .\image\, 天数=7, 质量=65
2025-11-18 10:56:28,855 - INFO - 找到 38 个图片文件
2025-11-18 10:56:29,047 - INFO - 压缩成功: List_01.JPG (4.06MB -> 2.25MB, 节省: 1.81MB)
2025-11-18 10:56:29,048 - ERROR - 压缩图片失败 image\JPG格式图纸及图示\List_01.JPG: 'int' object has no attribute 'suffix'
2025-11-18 10:56:29,138 - ERROR - 压缩图片失败 image\JPG格式图纸及图示\List_02i.JPG: 'int' object has no attribute 'write'
2025-11-18 10:56:29,228 - ERROR - 压缩图片失败 image\JPG格式图纸及图示\List_03i.JPG: 'int' object has no attribute 'write'
2025-11-18 10:56:29,321 - ERROR - 压缩图片失败 image\JPG格式图纸及图示\List_04i.JPG: 'int' object has no attribute 'write'
2025-11-18 10:56:29,419 - ERROR - 压缩图片失败 image\JPG格式图纸及图示\List_05i.JPG: 'int' object has no attribute 'write'
2025-11-18 10:56:29,593 - ERROR - 压缩图片失败 image\JPG格式图纸及图示\List_06i-18i.JPG: 'int' object has no attribute 'write'
2025-11-18 10:56:29,690 - ERROR - 压缩图片失败 image\JPG格式图纸及图示\List_07i.JPG: 'int' object has no attribute 'write'
2025-11-18 10:56:29,694 - ERROR - 压缩图片失败 image\JPG格式图纸及图示\List_08t.JPG: 'int' object has no attribute 'suffix'
2025-11-18 10:56:29,694 - ERROR - 压缩图片失败 image\JPG格式图纸及图示\List_08tz-13tz.JPG: 'int' object has no attribute 'suffix'
2025-11-18 10:56:29,695 - ERROR - 压缩图片失败 image\JPG格式图纸及图示\List_09t.JPG: 'int' object has no attribute 'suffix'
2025-11-18 10:56:29,696 - ERROR - 压缩图片失败 image\JPG格式图纸及图示\List_10t.JPG: 'int' object has no attribute 'suffix'
2025-11-18 10:56:29,696 - ERROR - 压缩图片失败 image\JPG格式图纸及图示\List_11t.JPG: 'int' object has no attribute 'suffix'
2025-11-18 10:56:29,697 - ERROR - 压缩图片失败 image\JPG格式图纸及图示\List_12t.JPG: 'int' object has no attribute 'suffix'
2025-11-18 10:56:29,697 - ERROR - 压缩图片失败 image\JPG格式图纸及图示\List_13t.JPG: 'int' object has no attribute 'suffix'
2025-11-18 10:56:29,697 - ERROR - 压缩图片失败 image\JPG格式图纸及图示\List_14t.JPG: 'int' object has no attribute 'suffix'
2025-11-18 10:56:29,772 - ERROR - 压缩图片失败 image\JPG格式图纸及图示\List_15tb.JPG: 'int' object has no attribute 'write'
2025-11-18 10:56:29,843 - ERROR - 压缩图片失败 image\JPG格式图纸及图示\List_16tb.JPG: 'int' object has no attribute 'write'
2025-11-18 10:56:29,921 - ERROR - 压缩图片失败 image\JPG格式图纸及图示\List_17i.JPG: 'int' object has no attribute 'write'
2025-11-18 10:56:30,012 - ERROR - 压缩图片失败 image\JPG格式图纸及图示\List_19i.JPG: 'int' object has no attribute 'write'
2025-11-18 10:56:30,103 - ERROR - 压缩图片失败 image\JPG格式图纸及图示\List_20i.JPG: 'int' object has no attribute 'write'
2025-11-18 10:56:30,189 - ERROR - 压缩图片失败 image\JPG格式图纸及图示\List_21i.JPG: 'int' object has no attribute 'write'
2025-11-18 10:56:30,272 - ERROR - 压缩图片失败 image\JPG格式图纸及图示\List_22i.JPG: 'int' object has no attribute 'write'
2025-11-18 10:56:30,277 - ERROR - 压缩图片失败 image\JPG格式图纸及图示\List_23.JPG: 'int' object has no attribute 'suffix'
2025-11-18 10:56:30,305 - ERROR - 压缩图片失败 image\Screenshots\屏幕截图 2024-12-22 123823.png: 'int' object has no attribute 'write'
2025-11-18 10:56:30,320 - ERROR - 压缩图片失败 image\Screenshots\屏幕截图 2025-03-18 151348.png: 'int' object has no attribute 'write'
2025-11-18 10:56:30,346 - ERROR - 压缩图片失败 image\Screenshots\屏幕截图 2025-03-18 151403.png: 'int' object has no attribute 'write'
2025-11-18 10:56:30,370 - ERROR - 压缩图片失败 image\Screenshots\屏幕截图 2025-03-18 151422.png: 'int' object has no attribute 'write'
2025-11-18 10:56:30,395 - ERROR - 压缩图片失败 image\Screenshots\屏幕截图 2025-03-18 190321.png: 'int' object has no attribute 'write'
2025-11-18 10:56:30,420 - ERROR - 压缩图片失败 image\Screenshots\屏幕截图 2025-03-20 132456.png: 'int' object has no attribute 'write'
2025-11-18 10:56:30,434 - ERROR - 压缩图片失败 image\Screenshots\屏幕截图 2025-03-20 201215.png: 'int' object has no attribute 'write'
2025-11-18 10:56:30,467 - ERROR - 压缩图片失败 image\Screenshots\屏幕截图 2025-03-20 201229.png: 'int' object has no attribute 'write'
2025-11-18 10:56:30,489 - ERROR - 压缩图片失败 image\Screenshots\屏幕截图 2025-03-29 174308.png: 'int' object has no attribute 'write'
2025-11-18 10:56:30,512 - ERROR - 压缩图片失败 image\Screenshots\屏幕截图 2025-03-29 174319.png: 'int' object has no attribute 'write'
2025-11-18 10:56:30,531 - ERROR - 压缩图片失败 image\Screenshots\屏幕截图(3).png: 'int' object has no attribute 'write'
2025-11-18 10:56:30,543 - ERROR - 压缩图片失败 image\Screenshots\屏幕截图(4).png: 'int' object has no attribute 'write'
2025-11-18 10:56:30,555 - ERROR - 压缩图片失败 image\Screenshots\屏幕截图(5).png: 'int' object has no attribute 'write'
2025-11-18 10:56:30,567 - ERROR - 压缩图片失败 image\Screenshots\屏幕截图(7).png: 'int' object has no attribute 'write'
2025-11-18 10:56:30,579 - ERROR - 压缩图片失败 image\Screenshots\屏幕截图(9).png: 'int' object has no attribute 'write'
2025-11-18 10:56:30,699 - INFO - 压缩成功: List_02i.JPG (2.10MB -> 1.58MB, 节省: 0.52MB)
2025-11-18 10:56:30,700 - ERROR - 压缩图片失败 image\JPG格式图纸及图示\List_01.JPG: 'int' object has no attribute 'suffix'
2025-11-18 10:56:30,700 - ERROR - 压缩图片失败 image\JPG格式图纸及图示\List_02i.JPG: 'int' object has no attribute 'suffix'
2025-11-18 10:56:30,802 - ERROR - 压缩图片失败 image\JPG格式图纸及图示\List_03i.JPG: 'int' object has no attribute 'write'
2025-11-18 10:56:30,894 - ERROR - 压缩图片失败 image\JPG格式图纸及图示\List_04i.JPG: 'int' object has no attribute 'write'
2025-11-18 10:56:30,981 - ERROR - 压缩图片失败 image\JPG格式图纸及图示\List_05i.JPG: 'int' object has no attribute 'write'
2025-11-18 10:56:31,160 - ERROR - 压缩图片失败 image\JPG格式图纸及图示\List_06i-18i.JPG: 'int' object has no attribute 'write'
2025-11-18 10:56:31,261 - ERROR - 压缩图片失败 image\JPG格式图纸及图示\List_07i.JPG: 'int' object has no attribute 'write'
2025-11-18 10:56:31,266 - ERROR - 压缩图片失败 image\JPG格式图纸及图示\List_08t.JPG: 'int' object has no attribute 'suffix'
2025-11-18 10:56:31,267 - ERROR - 压缩图片失败 image\JPG格式图纸及图示\List_08tz-13tz.JPG: 'int' object has no attribute 'suffix'
2025-11-18 10:56:31,267 - ERROR - 压缩图片失败 image\JPG格式图纸及图示\List_09t.JPG: 'int' object has no attribute 'suffix'
2025-11-18 10:56:31,267 - ERROR - 压缩图片失败 image\JPG格式图纸及图示\List_10t.JPG: 'int' object has no attribute 'suffix'
2025-11-18 10:56:31,268 - ERROR - 压缩图片失败 image\JPG格式图纸及图示\List_11t.JPG: 'int' object has no attribute 'suffix'
2025-11-18 10:56:31,268 - ERROR - 压缩图片失败 image\JPG格式图纸及图示\List_12t.JPG: 'int' object has no attribute 'suffix'
2025-11-18 10:56:31,268 - ERROR - 压缩图片失败 image\JPG格式图纸及图示\List_13t.JPG: 'int' object has no attribute 'suffix'
2025-11-18 10:56:31,269 - ERROR - 压缩图片失败 image\JPG格式图纸及图示\List_14t.JPG: 'int' object has no attribute 'suffix'
2025-11-18 10:56:31,342 - ERROR - 压缩图片失败 image\JPG格式图纸及图示\List_15tb.JPG: 'int' object has no attribute 'write'
2025-11-18 10:56:31,415 - ERROR - 压缩图片失败 image\JPG格式图纸及图示\List_16tb.JPG: 'int' object has no attribute 'write'
2025-11-18 10:56:31,494 - ERROR - 压缩图片失败 image\JPG格式图纸及图示\List_17i.JPG: 'int' object has no attribute 'write'
2025-11-18 10:56:31,584 - ERROR - 压缩图片失败 image\JPG格式图纸及图示\List_19i.JPG: 'int' object has no attribute 'write'
2025-11-18 10:56:31,673 - ERROR - 压缩图片失败 image\JPG格式图纸及图示\List_20i.JPG: 'int' object has no attribute 'write'
2025-11-18 10:56:31,757 - ERROR - 压缩图片失败 image\JPG格式图纸及图示\List_21i.JPG: 'int' object has no attribute 'write'
2025-11-18 10:56:31,834 - ERROR - 压缩图片失败 image\JPG格式图纸及图示\List_22i.JPG: 'int' object has no attribute 'write'
2025-11-18 10:56:31,839 - ERROR - 压缩图片失败 image\JPG格式图纸及图示\List_23.JPG: 'int' object has no attribute 'suffix'
2025-11-18 10:56:31,866 - ERROR - 压缩图片失败 image\Screenshots\屏幕截图 2024-12-22 123823.png: 'int' object has no attribute 'write'
2025-11-18 10:56:31,881 - ERROR - 压缩图片失败 image\Screenshots\屏幕截图 2025-03-18 151348.png: 'int' object has no attribute 'write'
2025-11-18 10:56:31,906 - ERROR - 压缩图片失败 image\Screenshots\屏幕截图 2025-03-18 151403.png: 'int' object has no attribute 'write'
2025-11-18 10:56:31,931 - ERROR - 压缩图片失败 image\Screenshots\屏幕截图 2025-03-18 151422.png: 'int' object has no attribute 'write'
2025-11-18 10:56:31,955 - ERROR - 压缩图片失败 image\Screenshots\屏幕截图 2025-03-18 190321.png: 'int' object has no attribute 'write'
2025-11-18 10:56:31,980 - ERROR - 压缩图片失败 image\Screenshots\屏幕截图 2025-03-20 132456.png: 'int' object has no attribute 'write'
2025-11-18 10:56:31,995 - ERROR - 压缩图片失败 image\Screenshots\屏幕截图 2025-03-20 201215.png: 'int' object has no attribute 'write'
2025-11-18 10:56:32,027 - ERROR - 压缩图片失败 image\Screenshots\屏幕截图 2025-03-20 201229.png: 'int' object has no attribute 'write'
2025-11-18 10:56:32,050 - ERROR - 压缩图片失败 image\Screenshots\屏幕截图 2025-03-29 174308.png: 'int' object has no attribute 'write'
2025-11-18 10:56:32,070 - ERROR - 压缩图片失败 image\Screenshots\屏幕截图 2025-03-29 174319.png: 'int' object has no attribute 'write'
2025-11-18 10:56:32,091 - ERROR - 压缩图片失败 image\Screenshots\屏幕截图(3).png: 'int' object has no attribute 'write'
2025-11-18 10:56:32,112 - ERROR - 压缩图片失败 image\Screenshots\屏幕截图(4).png: 'int' object has no attribute 'write'
2025-11-18 10:56:32,124 - ERROR - 压缩图片失败 image\Screenshots\屏幕截图(5).png: 'int' object has no attribute 'write'
2025-11-18 10:56:32,138 - ERROR - 压缩图片失败 image\Screenshots\屏幕截图(7).png: 'int' object has no attribute 'write'
2025-11-18 10:56:32,149 - ERROR - 压缩图片失败 image\Screenshots\屏幕截图(9).png: 'int' object has no attribute 'write'
2025-11-18 10:56:32,265 - INFO - 压缩成功: List_03i.JPG (2.15MB -> 1.51MB, 节省: 0.64MB)
2025-11-18 10:56:32,265 - ERROR - 压缩图片失败 image\JPG格式图纸及图示\List_01.JPG: 'int' object has no attribute 'suffix'
2025-11-18 10:56:32,266 - ERROR - 压缩图片失败 image\JPG格式图纸及图示\List_02i.JPG: 'int' object has no attribute 'suffix'
2025-11-18 10:56:32,266 - ERROR - 压缩图片失败 image\JPG格式图纸及图示\List_03i.JPG: 'int' object has no attribute 'suffix'
2025-11-18 10:56:32,355 - ERROR - 压缩图片失败 image\JPG格式图纸及图示\List_04i.JPG: 'int' object has no attribute 'write'
2025-11-18 10:56:32,453 - ERROR - 压缩图片失败 image\JPG格式图纸及图示\List_05i.JPG: 'int' object has no attribute 'write'
2025-11-18 10:56:32,629 - ERROR - 压缩图片失败 image\JPG格式图纸及图示\List_06i-18i.JPG: 'int' object has no attribute 'write'
2025-11-18 10:56:32,726 - ERROR - 压缩图片失败 image\JPG格式图纸及图示\List_07i.JPG: 'int' object has no attribute 'write'
2025-11-18 10:56:32,731 - ERROR - 压缩图片失败 image\JPG格式图纸及图示\List_08t.JPG: 'int' object has no attribute 'suffix'
2025-11-18 10:56:32,732 - ERROR - 压缩图片失败 image\JPG格式图纸及图示\List_08tz-13tz.JPG: 'int' object has no attribute 'suffix'
2025-11-18 10:56:32,732 - ERROR - 压缩图片失败 image\JPG格式图纸及图示\List_09t.JPG: 'int' object has no attribute 'suffix'
2025-11-18 10:56:32,733 - ERROR - 压缩图片失败 image\JPG格式图纸及图示\List_10t.JPG: 'int' object has no attribute 'suffix'
2025-11-18 10:56:32,733 - ERROR - 压缩图片失败 image\JPG格式图纸及图示\List_11t.JPG: 'int' object has no attribute 'suffix'
2025-11-18 10:56:32,734 - ERROR - 压缩图片失败 image\JPG格式图纸及图示\List_12t.JPG: 'int' object has no attribute 'suffix'
2025-11-18 10:56:32,734 - ERROR - 压缩图片失败 image\JPG格式图纸及图示\List_13t.JPG: 'int' object has no attribute 'suffix'
2025-11-18 10:56:32,734 - ERROR - 压缩图片失败 image\JPG格式图纸及图示\List_14t.JPG: 'int' object has no attribute 'suffix'
2025-11-18 10:56:32,809 - ERROR - 压缩图片失败 image\JPG格式图纸及图示\List_15tb.JPG: 'int' object has no attribute 'write'
2025-11-18 10:56:32,882 - ERROR - 压缩图片失败 image\JPG格式图纸及图示\List_16tb.JPG: 'int' object has no attribute 'write'
2025-11-18 10:56:32,959 - ERROR - 压缩图片失败 image\JPG格式图纸及图示\List_17i.JPG: 'int' object has no attribute 'write'
2025-11-18 10:56:33,053 - ERROR - 压缩图片失败 image\JPG格式图纸及图示\List_19i.JPG: 'int' object has no attribute 'write'
2025-11-18 10:56:33,144 - ERROR - 压缩图片失败 image\JPG格式图纸及图示\List_20i.JPG: 'int' object has no attribute 'write'
2025-11-18 10:56:33,233 - ERROR - 压缩图片失败 image\JPG格式图纸及图示\List_21i.JPG: 'int' object has no attribute 'write'
2025-11-18 10:56:33,314 - ERROR - 压缩图片失败 image\JPG格式图纸及图示\List_22i.JPG: 'int' object has no attribute 'write'
2025-11-18 10:56:33,319 - ERROR - 压缩图片失败 image\JPG格式图纸及图示\List_23.JPG: 'int' object has no attribute 'suffix'
2025-11-18 10:56:33,346 - ERROR - 压缩图片失败 image\Screenshots\屏幕截图 2024-12-22 123823.png: 'int' object has no attribute 'write'
2025-11-18 10:56:33,361 - ERROR - 压缩图片失败 image\Screenshots\屏幕截图 2025-03-18 151348.png: 'int' object has no attribute 'write'
2025-11-18 10:56:33,386 - ERROR - 压缩图片失败 image\Screenshots\屏幕截图 2025-03-18 151403.png: 'int' object has no attribute 'write'
2025-11-18 10:56:33,420 - ERROR - 压缩图片失败 image\Screenshots\屏幕截图 2025-03-18 151422.png: 'int' object has no attribute 'write'
2025-11-18 10:56:33,445 - ERROR - 压缩图片失败 image\Screenshots\屏幕截图 2025-03-18 190321.png: 'int' object has no attribute 'write'
2025-11-18 10:56:33,470 - ERROR - 压缩图片失败 image\Screenshots\屏幕截图 2025-03-20 132456.png: 'int' object has no attribute 'write'
2025-11-18 10:56:33,484 - ERROR - 压缩图片失败 image\Screenshots\屏幕截图 2025-03-20 201215.png: 'int' object has no attribute 'write'
2025-11-18 10:56:33,515 - ERROR - 压缩图片失败 image\Screenshots\屏幕截图 2025-03-20 201229.png: 'int' object has no attribute 'write'
2025-11-18 10:56:33,538 - ERROR - 压缩图片失败 image\Screenshots\屏幕截图 2025-03-29 174308.png: 'int' object has no attribute 'write'
2025-11-18 10:56:33,558 - ERROR - 压缩图片失败 image\Screenshots\屏幕截图 2025-03-29 174319.png: 'int' object has no attribute 'write'
2025-11-18 10:56:33,576 - ERROR - 压缩图片失败 image\Screenshots\屏幕截图(3).png: 'int' object has no attribute 'write'
2025-11-18 10:56:33,588 - ERROR - 压缩图片失败 image\Screenshots\屏幕截图(4).png: 'int' object has no attribute 'write'
2025-11-18 10:56:33,600 - ERROR - 压缩图片失败 image\Screenshots\屏幕截图(5).png: 'int' object has no attribute 'write'
2025-11-18 10:56:33,612 - ERROR - 压缩图片失败 image\Screenshots\屏幕截图(7).png: 'int' object has no attribute 'write'
2025-11-18 10:56:33,623 - ERROR - 压缩图片失败 image\Screenshots\屏幕截图(9).png: 'int' object has no attribute 'write'
2025-11-18 10:56:33,747 - INFO - 压缩成功: List_04i.JPG (2.06MB -> 1.47MB, 节省: 0.59MB)
2025-11-18 10:56:33,748 - ERROR - 压缩图片失败 image\JPG格式图纸及图示\List_01.JPG: 'int' object has no attribute 'suffix'
2025-11-18 10:56:33,748 - ERROR - 压缩图片失败 image\JPG格式图纸及图示\List_02i.JPG: 'int' object has no attribute 'suffix'
2025-11-18 10:56:33,749 - ERROR - 压缩图片失败 image\JPG格式图纸及图示\List_03i.JPG: 'int' object has no attribute 'suffix'
2025-11-18 10:56:33,749 - ERROR - 压缩图片失败 image\JPG格式图纸及图示\List_04i.JPG: 'int' object has no attribute 'suffix'
2025-11-18 10:56:33,831 - ERROR - 压缩图片失败 image\JPG格式图纸及图示\List_05i.JPG: 'int' object has no attribute 'write'
2025-11-18 10:56:33,998 - ERROR - 压缩图片失败 image\JPG格式图纸及图示\List_06i-18i.JPG: 'int' object has no attribute 'write'
2025-11-18 10:56:34,095 - ERROR - 压缩图片失败 image\JPG格式图纸及图示\List_07i.JPG: 'int' object has no attribute 'write'
2025-11-18 10:56:34,100 - ERROR - 压缩图片失败 image\JPG格式图纸及图示\List_08t.JPG: 'int' object has no attribute 'suffix'
2025-11-18 10:56:34,101 - ERROR - 压缩图片失败 image\JPG格式图纸及图示\List_08tz-13tz.JPG: 'int' object has no attribute 'suffix'
2025-11-18 10:56:34,101 - ERROR - 压缩图片失败 image\JPG格式图纸及图示\List_09t.JPG: 'int' object has no attribute 'suffix'
2025-11-18 10:56:34,102 - ERROR - 压缩图片失败 image\JPG格式图纸及图示\List_10t.JPG: 'int' object has no attribute 'suffix'
2025-11-18 10:56:34,102 - ERROR - 压缩图片失败 image\JPG格式图纸及图示\List_11t.JPG: 'int' object has no attribute 'suffix'
2025-11-18 10:56:34,102 - ERROR - 压缩图片失败 image\JPG格式图纸及图示\List_12t.JPG: 'int' object has no attribute 'suffix'
2025-11-18 10:56:34,103 - ERROR - 压缩图片失败 image\JPG格式图纸及图示\List_13t.JPG: 'int' object has no attribute 'suffix'
2025-11-18 10:56:34,103 - ERROR - 压缩图片失败 image\JPG格式图纸及图示\List_14t.JPG: 'int' object has no attribute 'suffix'
2025-11-18 10:56:34,177 - ERROR - 压缩图片失败 image\JPG格式图纸及图示\List_15tb.JPG: 'int' object has no attribute 'write'
2025-11-18 10:56:34,259 - ERROR - 压缩图片失败 image\JPG格式图纸及图示\List_16tb.JPG: 'int' object has no attribute 'write'
2025-11-18 10:56:34,336 - ERROR - 压缩图片失败 image\JPG格式图纸及图示\List_17i.JPG: 'int' object has no attribute 'write'
2025-11-18 10:56:34,424 - ERROR - 压缩图片失败 image\JPG格式图纸及图示\List_19i.JPG: 'int' object has no attribute 'write'
2025-11-18 10:56:34,525 - ERROR - 压缩图片失败 image\JPG格式图纸及图示\List_20i.JPG: 'int' object has no attribute 'write'
2025-11-18 10:56:34,611 - ERROR - 压缩图片失败 image\JPG格式图纸及图示\List_21i.JPG: 'int' object has no attribute 'write'
2025-11-18 10:56:34,688 - ERROR - 压缩图片失败 image\JPG格式图纸及图示\List_22i.JPG: 'int' object has no attribute 'write'
2025-11-18 10:56:34,693 - ERROR - 压缩图片失败 image\JPG格式图纸及图示\List_23.JPG: 'int' object has no attribute 'suffix'
2025-11-18 10:56:34,728 - ERROR - 压缩图片失败 image\Screenshots\屏幕截图 2024-12-22 123823.png: 'int' object has no attribute 'write'
2025-11-18 10:56:34,747 - ERROR - 压缩图片失败 image\Screenshots\屏幕截图 2025-03-18 151348.png: 'int' object has no attribute 'write'
2025-11-18 10:56:34,774 - ERROR - 压缩图片失败 image\Screenshots\屏幕截图 2025-03-18 151403.png: 'int' object has no attribute 'write'
2025-11-18 10:56:34,798 - ERROR - 压缩图片失败 image\Screenshots\屏幕截图 2025-03-18 151422.png: 'int' object has no attribute 'write'
2025-11-18 10:56:34,822 - ERROR - 压缩图片失败 image\Screenshots\屏幕截图 2025-03-18 190321.png: 'int' object has no attribute 'write'
2025-11-18 10:56:34,847 - ERROR - 压缩图片失败 image\Screenshots\屏幕截图 2025-03-20 132456.png: 'int' object has no attribute 'write'
2025-11-18 10:56:34,862 - ERROR - 压缩图片失败 image\Screenshots\屏幕截图 2025-03-20 201215.png: 'int' object has no attribute 'write'
2025-11-18 10:56:34,895 - ERROR - 压缩图片失败 image\Screenshots\屏幕截图 2025-03-20 201229.png: 'int' object has no attribute 'write'
2025-11-18 10:56:34,918 - ERROR - 压缩图片失败 image\Screenshots\屏幕截图 2025-03-29 174308.png: 'int' object has no attribute 'write'
2025-11-18 10:56:34,939 - ERROR - 压缩图片失败 image\Screenshots\屏幕截图 2025-03-29 174319.png: 'int' object has no attribute 'write'
2025-11-18 10:56:34,958 - ERROR - 压缩图片失败 image\Screenshots\屏幕截图(3).png: 'int' object has no attribute 'write'
2025-11-18 10:56:34,970 - ERROR - 压缩图片失败 image\Screenshots\屏幕截图(4).png: 'int' object has no attribute 'write'
2025-11-18 10:56:34,982 - ERROR - 压缩图片失败 image\Screenshots\屏幕截图(5).png: 'int' object has no attribute 'write'
2025-11-18 10:56:34,995 - ERROR - 压缩图片失败 image\Screenshots\屏幕截图(7).png: 'int' object has no attribute 'write'
2025-11-18 10:56:35,006 - ERROR - 压缩图片失败 image\Screenshots\屏幕截图(9).png: 'int' object has no attribute 'write'
2025-11-18 10:56:35,124 - INFO - 压缩成功: List_05i.JPG (1.87MB -> 1.32MB, 节省: 0.55MB)
2025-11-18 10:56:35,125 - ERROR - 压缩图片失败 image\JPG格式图纸及图示\List_01.JPG: 'int' object has no attribute 'suffix'
2025-11-18 10:56:35,125 - ERROR - 压缩图片失败 image\JPG格式图纸及图示\List_02i.JPG: 'int' object has no attribute 'suffix'
2025-11-18 10:56:35,126 - ERROR - 压缩图片失败 image\JPG格式图纸及图示\List_03i.JPG: 'int' object has no attribute 'suffix'
2025-11-18 10:56:35,126 - ERROR - 压缩图片失败 image\JPG格式图纸及图示\List_04i.JPG: 'int' object has no attribute 'suffix'
2025-11-18 10:56:35,126 - ERROR - 压缩图片失败 image\JPG格式图纸及图示\List_05i.JPG: 'int' object has no attribute 'suffix'
2025-11-18 10:56:35,300 - ERROR - 压缩图片失败 image\JPG格式图纸及图示\List_06i-18i.JPG: 'int' object has no attribute 'write'
2025-11-18 10:56:35,392 - ERROR - 压缩图片失败 image\JPG格式图纸及图示\List_07i.JPG: 'int' object has no attribute 'write'
2025-11-18 10:56:35,397 - ERROR - 压缩图片失败 image\JPG格式图纸及图示\List_08t.JPG: 'int' object has no attribute 'suffix'
2025-11-18 10:56:35,398 - ERROR - 压缩图片失败 image\JPG格式图纸及图示\List_08tz-13tz.JPG: 'int' object has no attribute 'suffix'
2025-11-18 10:56:35,398 - ERROR - 压缩图片失败 image\JPG格式图纸及图示\List_09t.JPG: 'int' object has no attribute 'suffix'
2025-11-18 10:56:35,398 - ERROR - 压缩图片失败 image\JPG格式图纸及图示\List_10t.JPG: 'int' object has no attribute 'suffix'
2025-11-18 10:56:35,399 - ERROR - 压缩图片失败 image\JPG格式图纸及图示\List_11t.JPG: 'int' object has no attribute 'suffix'
2025-11-18 10:56:35,399 - ERROR - 压缩图片失败 image\JPG格式图纸及图示\List_12t.JPG: 'int' object has no attribute 'suffix'
2025-11-18 10:56:35,399 - ERROR - 压缩图片失败 image\JPG格式图纸及图示\List_13t.JPG: 'int' object has no attribute 'suffix'
2025-11-18 10:56:35,400 - ERROR - 压缩图片失败 image\JPG格式图纸及图示\List_14t.JPG: 'int' object has no attribute 'suffix'
2025-11-18 10:56:35,471 - ERROR - 压缩图片失败 image\JPG格式图纸及图示\List_15tb.JPG: 'int' object has no attribute 'write'
2025-11-18 10:56:35,549 - ERROR - 压缩图片失败 image\JPG格式图纸及图示\List_16tb.JPG: 'int' object has no attribute 'write'
2025-11-18 10:56:35,628 - ERROR - 压缩图片失败 image\JPG格式图纸及图示\List_17i.JPG: 'int' object has no attribute 'write'
2025-11-18 10:56:35,719 - ERROR - 压缩图片失败 image\JPG格式图纸及图示\List_19i.JPG: 'int' object has no attribute 'write'
2025-11-18 10:56:35,811 - ERROR - 压缩图片失败 image\JPG格式图纸及图示\List_20i.JPG: 'int' object has no attribute 'write'
2025-11-18 10:56:35,891 - ERROR - 压缩图片失败 image\JPG格式图纸及图示\List_21i.JPG: 'int' object has no attribute 'write'
2025-11-18 10:56:35,967 - ERROR - 压缩图片失败 image\JPG格式图纸及图示\List_22i.JPG: 'int' object has no attribute 'write'
2025-11-18 10:56:35,972 - ERROR - 压缩图片失败 image\JPG格式图纸及图示\List_23.JPG: 'int' object has no attribute 'suffix'
2025-11-18 10:56:35,999 - ERROR - 压缩图片失败 image\Screenshots\屏幕截图 2024-12-22 123823.png: 'int' object has no attribute 'write'
2025-11-18 10:56:36,014 - ERROR - 压缩图片失败 image\Screenshots\屏幕截图 2025-03-18 151348.png: 'int' object has no attribute 'write'
2025-11-18 10:56:36,039 - ERROR - 压缩图片失败 image\Screenshots\屏幕截图 2025-03-18 151403.png: 'int' object has no attribute 'write'
2025-11-18 10:56:36,068 - ERROR - 压缩图片失败 image\Screenshots\屏幕截图 2025-03-18 151422.png: 'int' object has no attribute 'write'
2025-11-18 10:56:36,099 - ERROR - 压缩图片失败 image\Screenshots\屏幕截图 2025-03-18 190321.png: 'int' object has no attribute 'write'
2025-11-18 10:56:36,124 - ERROR - 压缩图片失败 image\Screenshots\屏幕截图 2025-03-20 132456.png: 'int' object has no attribute 'write'
2025-11-18 10:56:36,138 - ERROR - 压缩图片失败 image\Screenshots\屏幕截图 2025-03-20 201215.png: 'int' object has no attribute 'write'
2025-11-18 10:56:36,170 - ERROR - 压缩图片失败 image\Screenshots\屏幕截图 2025-03-20 201229.png: 'int' object has no attribute 'write'
2025-11-18 10:56:36,193 - ERROR - 压缩图片失败 image\Screenshots\屏幕截图 2025-03-29 174308.png: 'int' object has no attribute 'write'
2025-11-18 10:56:36,214 - ERROR - 压缩图片失败 image\Screenshots\屏幕截图 2025-03-29 174319.png: 'int' object has no attribute 'write'
2025-11-18 10:59:17,607 - INFO - 开始处理文件夹: .\image\, 天数=7, 质量=65
2025-11-18 10:59:17,610 - INFO - 找到 38 个图片文件
2025-11-18 10:59:17,858 - INFO - 压缩成功: List_06i-18i.JPG (4.27MB -> 3.07MB, 节省: 1.20MB)
2025-11-18 10:59:17,983 - INFO - 压缩成功: List_07i.JPG (2.33MB -> 1.67MB, 节省: 0.66MB)
2025-11-18 10:59:18,363 - INFO - 压缩成功: List_08t.JPG (4.63MB -> 2.91MB, 节省: 1.71MB)
2025-11-18 10:59:18,464 - INFO - 压缩成功: List_08tz-13tz.JPG (1.14MB -> 0.78MB, 节省: 0.37MB)
2025-11-18 10:59:18,900 - INFO - 压缩成功: List_09t.JPG (5.57MB -> 3.63MB, 节省: 1.93MB)
2025-11-18 10:59:19,308 - INFO - 压缩成功: List_10t.JPG (5.06MB -> 3.36MB, 节省: 1.70MB)
2025-11-18 10:59:19,718 - INFO - 压缩成功: List_11t.JPG (5.17MB -> 3.31MB, 节省: 1.86MB)
2025-11-18 10:59:20,087 - INFO - 压缩成功: List_12t.JPG (4.56MB -> 2.97MB, 节省: 1.60MB)
2025-11-18 10:59:20,487 - INFO - 压缩成功: List_13t.JPG (5.23MB -> 3.44MB, 节省: 1.79MB)
2025-11-18 10:59:20,587 - INFO - 压缩成功: List_14t.JPG (0.99MB -> 0.66MB, 节省: 0.33MB)
2025-11-18 10:59:20,669 - INFO - 压缩成功: List_15tb.JPG (0.60MB -> 0.44MB, 节省: 0.16MB)
2025-11-18 10:59:20,744 - INFO - 压缩成功: List_16tb.JPG (0.36MB -> 0.24MB, 节省: 0.12MB)
2025-11-18 10:59:20,828 - INFO - 压缩成功: List_17i.JPG (0.74MB -> 0.56MB, 节省: 0.18MB)
2025-11-18 10:59:20,941 - INFO - 压缩成功: List_19i.JPG (2.04MB -> 1.45MB, 节省: 0.59MB)
2025-11-18 10:59:21,050 - INFO - 压缩成功: List_20i.JPG (1.86MB -> 1.31MB, 节省: 0.55MB)
2025-11-18 10:59:21,147 - INFO - 压缩成功: List_21i.JPG (1.35MB -> 0.96MB, 节省: 0.39MB)
2025-11-18 10:59:21,231 - INFO - 压缩成功: List_22i.JPG (0.67MB -> 0.48MB, 节省: 0.19MB)
2025-11-18 10:59:21,434 - INFO - 压缩成功: List_23.JPG (4.03MB -> 2.28MB, 节省: 1.75MB)
2025-11-18 10:59:23,073 - INFO - 压缩成功: 屏幕截图 2024-12-22 123823.png (2.76MB -> 2.33MB, 节省: 0.44MB)
2025-11-18 10:59:23,782 - INFO - 压缩成功: 屏幕截图 2025-03-18 151348.png (1.15MB -> 0.93MB, 节省: 0.22MB)
2025-11-18 10:59:25,836 - INFO - 压缩成功: 屏幕截图 2025-03-18 151403.png (2.58MB -> 2.16MB, 节省: 0.42MB)
2025-11-18 10:59:28,218 - INFO - 压缩成功: 屏幕截图 2025-03-18 151422.png (2.19MB -> 1.79MB, 节省: 0.39MB)
2025-11-18 10:59:30,630 - INFO - 压缩成功: 屏幕截图 2025-03-18 190321.png (2.21MB -> 1.82MB, 节省: 0.39MB)
2025-11-18 10:59:33,185 - INFO - 压缩成功: 屏幕截图 2025-03-20 132456.png (2.22MB -> 1.83MB, 节省: 0.39MB)
2025-11-18 10:59:34,014 - INFO - 压缩成功: 屏幕截图 2025-03-20 201215.png (1.19MB -> 0.96MB, 节省: 0.23MB)
2025-11-18 10:59:35,248 - INFO - 压缩成功: 屏幕截图 2025-03-20 201229.png (3.46MB -> 3.18MB, 节省: 0.28MB)
2025-11-18 10:59:37,963 - INFO - 压缩成功: 屏幕截图 2025-03-29 174308.png (1.99MB -> 1.58MB, 节省: 0.41MB)
2025-11-18 10:59:40,762 - INFO - 压缩成功: 屏幕截图 2025-03-29 174319.png (1.86MB -> 1.45MB, 节省: 0.41MB)
2025-11-18 10:59:41,509 - INFO - 压缩成功: 屏幕截图(3).png (1.95MB -> 1.67MB, 节省: 0.28MB)
2025-11-18 10:59:42,563 - INFO - 压缩成功: 屏幕截图(4).png (1.06MB -> 0.90MB, 节省: 0.16MB)
2025-11-18 10:59:43,729 - INFO - 压缩成功: 屏幕截图(5).png (1.10MB -> 0.94MB, 节省: 0.16MB)
2025-11-18 10:59:44,500 - INFO - 压缩成功: 屏幕截图(7).png (1.17MB -> 1.05MB, 节省: 0.12MB)
2025-11-18 10:59:45,453 - INFO - 压缩成功: 屏幕截图(9).png (0.99MB -> 0.84MB, 节省: 0.16MB)
2025-11-18 10:59:45,453 - INFO - 处理完成: 共处理 33 个文件，节省 21.53 MB
2025-11-18 11:00:35,380 - INFO - 开始处理文件夹: .\image\, 天数=7, 质量=65
2025-11-18 11:00:35,382 - INFO - 找到 38 个图片文件
2025-11-18 11:00:35,566 - INFO - 压缩成功: List_01.JPG (4.06MB -> 2.25MB, 节省: 1.81MB)
2025-11-18 11:00:35,673 - INFO - 压缩成功: List_02i.JPG (2.10MB -> 1.58MB, 节省: 0.52MB)
2025-11-18 11:00:35,785 - INFO - 压缩成功: List_03i.JPG (2.15MB -> 1.51MB, 节省: 0.64MB)
2025-11-18 11:00:35,895 - INFO - 压缩成功: List_04i.JPG (2.06MB -> 1.47MB, 节省: 0.59MB)
2025-11-18 11:00:36,007 - INFO - 压缩成功: List_05i.JPG (1.87MB -> 1.32MB, 节省: 0.55MB)
2025-11-18 11:00:36,231 - INFO - 压缩成功: List_06i-18i.JPG (4.27MB -> 3.07MB, 节省: 1.20MB)
2025-11-18 11:00:36,364 - INFO - 压缩成功: List_07i.JPG (2.33MB -> 1.67MB, 节省: 0.66MB)
2025-11-18 11:00:36,759 - INFO - 压缩成功: List_08t.JPG (4.63MB -> 2.91MB, 节省: 1.71MB)
2025-11-18 11:00:36,860 - INFO - 压缩成功: List_08tz-13tz.JPG (1.14MB -> 0.78MB, 节省: 0.37MB)
2025-11-18 11:00:37,251 - INFO - 压缩成功: List_09t.JPG (5.57MB -> 3.63MB, 节省: 1.93MB)
2025-11-18 11:00:37,644 - INFO - 压缩成功: List_10t.JPG (5.06MB -> 3.36MB, 节省: 1.70MB)
2025-11-18 11:00:38,027 - INFO - 压缩成功: List_11t.JPG (5.17MB -> 3.31MB, 节省: 1.86MB)
2025-11-18 11:00:38,387 - INFO - 压缩成功: List_12t.JPG (4.56MB -> 2.97MB, 节省: 1.60MB)
2025-11-18 11:00:38,788 - INFO - 压缩成功: List_13t.JPG (5.23MB -> 3.44MB, 节省: 1.79MB)
2025-11-18 11:00:38,886 - INFO - 压缩成功: List_14t.JPG (0.99MB -> 0.66MB, 节省: 0.33MB)
2025-11-18 11:00:38,969 - INFO - 压缩成功: List_15tb.JPG (0.60MB -> 0.44MB, 节省: 0.16MB)
2025-11-18 11:00:39,043 - INFO - 压缩成功: List_16tb.JPG (0.36MB -> 0.24MB, 节省: 0.12MB)
2025-11-18 11:00:39,125 - INFO - 压缩成功: List_17i.JPG (0.74MB -> 0.56MB, 节省: 0.18MB)
2025-11-18 11:00:39,241 - INFO - 压缩成功: List_19i.JPG (2.04MB -> 1.45MB, 节省: 0.59MB)
2025-11-18 11:00:39,378 - INFO - 压缩成功: List_20i.JPG (1.86MB -> 1.31MB, 节省: 0.55MB)
2025-11-18 11:00:39,479 - INFO - 压缩成功: List_21i.JPG (1.35MB -> 0.96MB, 节省: 0.39MB)
2025-11-18 11:00:39,564 - INFO - 压缩成功: List_22i.JPG (0.67MB -> 0.48MB, 节省: 0.19MB)
2025-11-18 11:00:39,737 - INFO - 压缩成功: List_23.JPG (4.03MB -> 2.28MB, 节省: 1.75MB)
2025-11-18 11:00:41,334 - INFO - 压缩成功: 屏幕截图 2024-12-22 123823.png (2.76MB -> 2.33MB, 节省: 0.44MB)
2025-11-18 11:00:42,046 - INFO - 压缩成功: 屏幕截图 2025-03-18 151348.png (1.15MB -> 0.93MB, 节省: 0.22MB)
2025-11-18 11:00:44,065 - INFO - 压缩成功: 屏幕截图 2025-03-18 151403.png (2.58MB -> 2.16MB, 节省: 0.42MB)
2025-11-18 11:00:46,446 - INFO - 压缩成功: 屏幕截图 2025-03-18 151422.png (2.19MB -> 1.79MB, 节省: 0.39MB)
2025-11-18 11:00:48,784 - INFO - 压缩成功: 屏幕截图 2025-03-18 190321.png (2.21MB -> 1.82MB, 节省: 0.39MB)
2025-11-18 11:00:51,210 - INFO - 压缩成功: 屏幕截图 2025-03-20 132456.png (2.22MB -> 1.83MB, 节省: 0.39MB)
2025-11-18 11:00:52,015 - INFO - 压缩成功: 屏幕截图 2025-03-20 201215.png (1.19MB -> 0.96MB, 节省: 0.23MB)
2025-11-18 11:00:53,213 - INFO - 压缩成功: 屏幕截图 2025-03-20 201229.png (3.46MB -> 3.18MB, 节省: 0.28MB)
2025-11-18 11:00:55,987 - INFO - 压缩成功: 屏幕截图 2025-03-29 174308.png (1.99MB -> 1.58MB, 节省: 0.41MB)
2025-11-18 11:01:05,840 - INFO - 开始处理文件夹: .\image\, 天数=7, 质量=65
2025-11-18 11:01:05,843 - INFO - 找到 39 个图片文件
2025-11-18 11:01:08,587 - INFO - 压缩成功: 屏幕截图 2025-03-29 174319.bak.png (1.86MB -> 1.45MB, 节省: 0.41MB)
2025-11-18 11:01:09,337 - INFO - 压缩成功: 屏幕截图(3).png (1.95MB -> 1.67MB, 节省: 0.28MB)
2025-11-18 11:01:10,349 - INFO - 压缩成功: 屏幕截图(4).png (1.06MB -> 0.90MB, 节省: 0.16MB)
2025-11-18 11:01:11,466 - INFO - 压缩成功: 屏幕截图(5).png (1.10MB -> 0.94MB, 节省: 0.16MB)
2025-11-18 11:01:12,223 - INFO - 压缩成功: 屏幕截图(7).png (1.17MB -> 1.05MB, 节省: 0.12MB)
2025-11-18 11:01:13,172 - INFO - 压缩成功: 屏幕截图(9).png (0.99MB -> 0.84MB, 节省: 0.16MB)
2025-11-18 11:01:13,173 - INFO - 处理完成: 共处理 6 个文件，节省 1.28 MB
2025-11-18 11:01:32,891 - INFO - 开始处理文件夹: .\image\, 天数=7, 质量=65
2025-11-18 11:01:32,894 - INFO - 找到 38 个图片文件
2025-11-18 11:01:33,074 - INFO - 压缩成功: List_01.JPG (4.06MB -> 2.25MB, 节省: 1.81MB)
2025-11-18 11:01:33,181 - INFO - 压缩成功: List_02i.JPG (2.10MB -> 1.58MB, 节省: 0.52MB)
2025-11-18 11:01:33,292 - INFO - 压缩成功: List_03i.JPG (2.15MB -> 1.51MB, 节省: 0.64MB)
2025-11-18 11:01:33,402 - INFO - 压缩成功: List_04i.JPG (2.06MB -> 1.47MB, 节省: 0.59MB)
2025-11-18 11:01:33,509 - INFO - 压缩成功: List_05i.JPG (1.87MB -> 1.32MB, 节省: 0.55MB)
2025-11-18 11:01:33,755 - INFO - 压缩成功: List_06i-18i.JPG (4.27MB -> 3.07MB, 节省: 1.20MB)
2025-11-18 11:01:33,888 - INFO - 压缩成功: List_07i.JPG (2.33MB -> 1.67MB, 节省: 0.66MB)
2025-11-18 11:01:34,290 - INFO - 压缩成功: List_08t.JPG (4.63MB -> 2.91MB, 节省: 1.71MB)
2025-11-18 11:01:34,391 - INFO - 压缩成功: List_08tz-13tz.JPG (1.14MB -> 0.78MB, 节省: 0.37MB)
2025-11-18 11:01:34,785 - INFO - 压缩成功: List_09t.JPG (5.57MB -> 3.63MB, 节省: 1.93MB)
2025-11-18 11:01:35,192 - INFO - 压缩成功: List_10t.JPG (5.06MB -> 3.36MB, 节省: 1.70MB)
2025-11-18 11:01:35,593 - INFO - 压缩成功: List_11t.JPG (5.17MB -> 3.31MB, 节省: 1.86MB)
2025-11-18 11:01:35,985 - INFO - 压缩成功: List_12t.JPG (4.56MB -> 2.97MB, 节省: 1.60MB)
2025-11-18 11:01:36,390 - INFO - 压缩成功: List_13t.JPG (5.23MB -> 3.44MB, 节省: 1.79MB)
2025-11-18 11:01:36,487 - INFO - 压缩成功: List_14t.JPG (0.99MB -> 0.66MB, 节省: 0.33MB)
2025-11-18 11:01:36,569 - INFO - 压缩成功: List_15tb.JPG (0.60MB -> 0.44MB, 节省: 0.16MB)
2025-11-18 11:01:36,648 - INFO - 压缩成功: List_16tb.JPG (0.36MB -> 0.24MB, 节省: 0.12MB)
2025-11-18 11:01:36,736 - INFO - 压缩成功: List_17i.JPG (0.74MB -> 0.56MB, 节省: 0.18MB)
2025-11-18 11:01:36,850 - INFO - 压缩成功: List_19i.JPG (2.04MB -> 1.45MB, 节省: 0.59MB)
2025-11-18 11:01:36,960 - INFO - 压缩成功: List_20i.JPG (1.86MB -> 1.31MB, 节省: 0.55MB)
2025-11-18 11:01:37,063 - INFO - 压缩成功: List_21i.JPG (1.35MB -> 0.96MB, 节省: 0.39MB)
2025-11-18 11:01:37,142 - INFO - 压缩成功: List_22i.JPG (0.67MB -> 0.48MB, 节省: 0.19MB)
2025-11-18 11:01:37,312 - INFO - 压缩成功: List_23.JPG (4.03MB -> 2.28MB, 节省: 1.75MB)
2025-11-18 11:01:38,937 - INFO - 压缩成功: 屏幕截图 2024-12-22 123823.png (2.76MB -> 2.33MB, 节省: 0.44MB)
2025-11-18 11:01:39,635 - INFO - 压缩成功: 屏幕截图 2025-03-18 151348.png (1.15MB -> 0.93MB, 节省: 0.22MB)
2025-11-18 11:01:41,674 - INFO - 压缩成功: 屏幕截图 2025-03-18 151403.png (2.58MB -> 2.16MB, 节省: 0.42MB)
2025-11-18 11:01:44,109 - INFO - 压缩成功: 屏幕截图 2025-03-18 151422.png (2.19MB -> 1.79MB, 节省: 0.39MB)
2025-11-18 11:01:46,491 - INFO - 压缩成功: 屏幕截图 2025-03-18 190321.png (2.21MB -> 1.82MB, 节省: 0.39MB)
2025-11-18 11:01:48,907 - INFO - 压缩成功: 屏幕截图 2025-03-20 132456.png (2.22MB -> 1.83MB, 节省: 0.39MB)
2025-11-18 11:01:49,671 - INFO - 压缩成功: 屏幕截图 2025-03-20 201215.png (1.19MB -> 0.96MB, 节省: 0.23MB)
2025-11-18 11:01:50,850 - INFO - 压缩成功: 屏幕截图 2025-03-20 201229.png (3.46MB -> 3.18MB, 节省: 0.28MB)
2025-11-18 11:01:53,502 - INFO - 压缩成功: 屏幕截图 2025-03-29 174308.png (1.99MB -> 1.58MB, 节省: 0.41MB)
2025-11-18 11:01:56,254 - INFO - 压缩成功: 屏幕截图 2025-03-29 174319.png (1.86MB -> 1.45MB, 节省: 0.41MB)
2025-11-18 11:01:57,034 - INFO - 压缩成功: 屏幕截图(3).png (1.95MB -> 1.67MB, 节省: 0.28MB)
2025-11-18 11:01:58,089 - INFO - 压缩成功: 屏幕截图(4).png (1.06MB -> 0.90MB, 节省: 0.16MB)
2025-11-18 11:01:59,235 - INFO - 压缩成功: 屏幕截图(5).png (1.10MB -> 0.94MB, 节省: 0.16MB)
2025-11-18 11:01:59,996 - INFO - 压缩成功: 屏幕截图(7).png (1.17MB -> 1.05MB, 节省: 0.12MB)
2025-11-18 11:02:00,935 - INFO - 压缩成功: 屏幕截图(9).png (0.99MB -> 0.84MB, 节省: 0.16MB)
2025-11-18 11:02:00,935 - INFO - 处理完成: 共处理 38 个文件，节省 25.65 MB
2025-11-18 11:27:16,493 - INFO - 开始处理文件夹: .\image\, 天数=7, 质量=65
2025-11-18 11:27:16,495 - INFO - 找到 38 个图片文件
2025-11-18 11:27:16,497 - INFO - 处理完成: 共处理 0 个文件，节省 0.00 MB
2025-11-18 11:31:33,240 - INFO - 开始处理文件夹: .\image\, 天数=7, 质量=65
2025-11-18 11:31:33,243 - INFO - 找到 38 个图片文件
2025-11-18 11:31:47,975 - INFO - 开始处理文件夹: .\image\, 天数=7, 质量=65
2025-11-18 11:31:47,978 - INFO - 找到 38 个图片文件
2025-11-18 11:31:48,167 - INFO - 压缩成功: List_01.JPG (4.06MB -> 2.25MB, 节省: 1.81MB)
2025-11-18 11:31:48,280 - INFO - 压缩成功: List_02i.JPG (2.10MB -> 1.58MB, 节省: 0.52MB)
2025-11-18 11:31:48,391 - INFO - 压缩成功: List_03i.JPG (2.15MB -> 1.51MB, 节省: 0.64MB)
2025-11-18 11:31:48,501 - INFO - 压缩成功: List_04i.JPG (2.06MB -> 1.47MB, 节省: 0.59MB)
2025-11-18 11:31:48,619 - INFO - 压缩成功: List_05i.JPG (1.87MB -> 1.32MB, 节省: 0.55MB)
2025-11-18 11:31:48,853 - INFO - 压缩成功: List_06i-18i.JPG (4.27MB -> 3.07MB, 节省: 1.20MB)
2025-11-18 11:31:48,982 - INFO - 压缩成功: List_07i.JPG (2.33MB -> 1.67MB, 节省: 0.66MB)
2025-11-18 11:31:49,381 - INFO - 压缩成功: List_08t.JPG (4.63MB -> 2.91MB, 节省: 1.71MB)
2025-11-18 11:31:49,485 - INFO - 压缩成功: List_08tz-13tz.JPG (1.14MB -> 0.78MB, 节省: 0.37MB)
2025-11-18 11:31:49,875 - INFO - 压缩成功: List_09t.JPG (5.57MB -> 3.63MB, 节省: 1.93MB)
2025-11-18 11:31:50,277 - INFO - 压缩成功: List_10t.JPG (5.06MB -> 3.36MB, 节省: 1.70MB)
2025-11-18 11:31:50,651 - INFO - 压缩成功: List_11t.JPG (5.17MB -> 3.31MB, 节省: 1.86MB)
2025-11-18 11:31:53,267 - INFO - 开始处理文件夹: .\image\, 天数=7, 质量=65
2025-11-18 11:31:53,270 - INFO - 找到 38 个图片文件
2025-11-18 11:31:53,654 - INFO - 压缩成功: List_12t.bak.JPG (4.56MB -> 2.97MB, 节省: 1.60MB)
2025-11-18 11:31:54,059 - INFO - 压缩成功: List_13t.JPG (5.23MB -> 3.44MB, 节省: 1.79MB)
2025-11-18 11:31:54,159 - INFO - 压缩成功: List_14t.JPG (0.99MB -> 0.66MB, 节省: 0.33MB)
2025-11-18 11:31:54,245 - INFO - 压缩成功: List_15tb.JPG (0.60MB -> 0.44MB, 节省: 0.16MB)
2025-11-18 11:31:54,323 - INFO - 压缩成功: List_16tb.JPG (0.36MB -> 0.24MB, 节省: 0.12MB)
2025-11-18 11:31:54,404 - INFO - 压缩成功: List_17i.JPG (0.74MB -> 0.56MB, 节省: 0.18MB)
2025-11-18 11:31:54,513 - INFO - 压缩成功: List_19i.JPG (2.04MB -> 1.45MB, 节省: 0.59MB)
2025-11-18 11:31:54,620 - INFO - 压缩成功: List_20i.JPG (1.86MB -> 1.31MB, 节省: 0.55MB)
2025-11-18 11:31:54,716 - INFO - 压缩成功: List_21i.JPG (1.35MB -> 0.96MB, 节省: 0.39MB)
2025-11-18 11:31:54,797 - INFO - 压缩成功: List_22i.JPG (0.67MB -> 0.48MB, 节省: 0.19MB)
2025-11-18 11:31:54,964 - INFO - 压缩成功: List_23.JPG (4.03MB -> 2.28MB, 节省: 1.75MB)
2025-11-18 11:31:56,615 - INFO - 压缩成功: 屏幕截图 2024-12-22 123823.png (2.76MB -> 2.33MB, 节省: 0.44MB)
2025-11-18 11:31:57,318 - INFO - 压缩成功: 屏幕截图 2025-03-18 151348.png (1.15MB -> 0.93MB, 节省: 0.22MB)
2025-11-18 11:31:59,323 - INFO - 压缩成功: 屏幕截图 2025-03-18 151403.png (2.58MB -> 2.16MB, 节省: 0.42MB)
2025-11-18 11:32:01,678 - INFO - 压缩成功: 屏幕截图 2025-03-18 151422.png (2.19MB -> 1.79MB, 节省: 0.39MB)
2025-11-18 11:32:04,042 - INFO - 压缩成功: 屏幕截图 2025-03-18 190321.png (2.21MB -> 1.82MB, 节省: 0.39MB)
2025-11-18 11:32:06,521 - INFO - 压缩成功: 屏幕截图 2025-03-20 132456.png (2.22MB -> 1.83MB, 节省: 0.39MB)
2025-11-18 11:32:07,341 - INFO - 压缩成功: 屏幕截图 2025-03-20 201215.png (1.19MB -> 0.96MB, 节省: 0.23MB)
2025-11-18 11:32:08,556 - INFO - 压缩成功: 屏幕截图 2025-03-20 201229.png (3.46MB -> 3.18MB, 节省: 0.28MB)
2025-11-18 11:32:11,290 - INFO - 压缩成功: 屏幕截图 2025-03-29 174308.png (1.99MB -> 1.58MB, 节省: 0.41MB)
2025-11-18 11:32:14,063 - INFO - 压缩成功: 屏幕截图 2025-03-29 174319.png (1.86MB -> 1.45MB, 节省: 0.41MB)
2025-11-18 11:32:14,832 - INFO - 压缩成功: 屏幕截图(3).png (1.95MB -> 1.67MB, 节省: 0.28MB)
2025-11-18 11:32:15,876 - INFO - 压缩成功: 屏幕截图(4).png (1.06MB -> 0.90MB, 节省: 0.16MB)
2025-11-18 11:32:17,056 - INFO - 压缩成功: 屏幕截图(5).png (1.10MB -> 0.94MB, 节省: 0.16MB)
2025-11-18 11:32:17,820 - INFO - 压缩成功: 屏幕截图(7).png (1.17MB -> 1.05MB, 节省: 0.12MB)
2025-11-18 11:32:18,768 - INFO - 压缩成功: 屏幕截图(9).png (0.99MB -> 0.84MB, 节省: 0.16MB)
2025-11-18 11:32:18,768 - INFO - 处理完成: 共处理 26 个文件，节省 12.10 MB
2025-11-18 11:33:11,008 - INFO - 开始处理文件夹: .\image\, 天数=7, 质量=65
2025-11-18 11:33:11,010 - INFO - 找到 38 个图片文件
2025-11-18 11:33:27,582 - INFO - 开始处理文件夹: .\image\, 天数=7, 质量=65
2025-11-18 11:33:27,585 - INFO - 找到 39 个图片文件
2025-11-18 11:33:27,587 - INFO - 找到 38 个图片文件
2025-11-18 11:33:27,777 - INFO - 压缩成功: List_01.JPG (4.06MB -> 2.25MB, 节省: 1.81MB)
2025-11-18 11:33:27,893 - INFO - 压缩成功: List_02i.JPG (2.10MB -> 1.58MB, 节省: 0.52MB)
2025-11-18 11:33:28,020 - INFO - 压缩成功: List_03i.JPG (2.15MB -> 1.51MB, 节省: 0.64MB)
2025-11-18 11:33:28,139 - INFO - 压缩成功: List_04i.JPG (2.06MB -> 1.47MB, 节省: 0.59MB)
2025-11-18 11:33:28,250 - INFO - 压缩成功: List_05i.JPG (1.87MB -> 1.32MB, 节省: 0.55MB)
2025-11-18 11:33:28,491 - INFO - 压缩成功: List_06i-18i.JPG (4.27MB -> 3.07MB, 节省: 1.20MB)
2025-11-18 11:33:28,624 - INFO - 压缩成功: List_07i.JPG (2.33MB -> 1.67MB, 节省: 0.66MB)
2025-11-18 11:33:29,019 - INFO - 压缩成功: List_08t.JPG (4.63MB -> 2.91MB, 节省: 1.71MB)
2025-11-18 11:33:29,124 - INFO - 压缩成功: List_08tz-13tz.JPG (1.14MB -> 0.78MB, 节省: 0.37MB)
2025-11-18 11:33:29,543 - INFO - 压缩成功: List_09t.JPG (5.57MB -> 3.63MB, 节省: 1.93MB)
2025-11-18 11:33:29,945 - INFO - 压缩成功: List_10t.JPG (5.06MB -> 3.36MB, 节省: 1.70MB)
2025-11-18 11:33:33,943 - INFO - 开始处理文件夹: .\image\, 天数=7, 质量=65
2025-11-18 11:33:33,945 - INFO - 找到 40 个图片文件
2025-11-18 11:33:33,947 - INFO - 找到 27 个图片文件
2025-11-18 11:33:34,346 - INFO - 压缩成功: List_11t.bak.JPG (5.17MB -> 3.31MB, 节省: 1.86MB)
2025-11-18 11:33:34,347 - ERROR - 处理文件失败 image\JPG格式图纸及图示\List_12t.JPG: [WinError 183] 当文件已存在时，无法创建该文件。: 'image\\JPG格式图纸及图示\\List_12t.JPG' -> 'image\\JPG格式图纸及图示\\List_12t.bak.JPG'
2025-11-18 11:33:41,229 - INFO - 开始处理文件夹: .\image\, 天数=7, 质量=65
2025-11-18 11:33:41,231 - INFO - 找到 40 个图片文件
2025-11-18 11:33:41,233 - INFO - 找到 26 个图片文件
2025-11-18 11:33:41,234 - ERROR - 处理文件失败 image\JPG格式图纸及图示\List_12t.JPG: [WinError 183] 当文件已存在时，无法创建该文件。: 'image\\JPG格式图纸及图示\\List_12t.JPG' -> 'image\\JPG格式图纸及图示\\List_12t.bak.JPG'
2025-11-18 11:34:03,089 - INFO - 开始处理文件夹: .\image\, 天数=7, 质量=65
2025-11-18 11:34:03,092 - INFO - 找到 39 个图片文件
2025-11-18 11:34:03,094 - INFO - 找到 26 个图片文件
2025-11-18 11:34:03,491 - INFO - 压缩成功: List_12t.JPG (4.56MB -> 2.97MB, 节省: 1.60MB)
2025-11-18 11:34:03,914 - INFO - 压缩成功: List_13t.JPG (5.23MB -> 3.44MB, 节省: 1.79MB)
2025-11-18 11:34:04,014 - INFO - 压缩成功: List_14t.JPG (0.99MB -> 0.66MB, 节省: 0.33MB)
2025-11-18 11:34:04,097 - INFO - 压缩成功: List_15tb.JPG (0.60MB -> 0.44MB, 节省: 0.16MB)
2025-11-18 11:34:04,181 - INFO - 压缩成功: List_16tb.JPG (0.36MB -> 0.24MB, 节省: 0.12MB)
2025-11-18 11:34:04,269 - INFO - 压缩成功: List_17i.JPG (0.74MB -> 0.56MB, 节省: 0.18MB)
2025-11-18 11:34:04,386 - INFO - 压缩成功: List_19i.JPG (2.04MB -> 1.45MB, 节省: 0.59MB)
2025-11-18 11:34:04,495 - INFO - 压缩成功: List_20i.JPG (1.86MB -> 1.31MB, 节省: 0.55MB)
2025-11-18 11:34:04,591 - INFO - 压缩成功: List_21i.JPG (1.35MB -> 0.96MB, 节省: 0.39MB)
2025-11-18 11:34:04,671 - INFO - 压缩成功: List_22i.JPG (0.67MB -> 0.48MB, 节省: 0.19MB)
2025-11-18 11:34:04,835 - INFO - 压缩成功: List_23.JPG (4.03MB -> 2.28MB, 节省: 1.75MB)
2025-11-18 11:34:06,453 - INFO - 压缩成功: 屏幕截图 2024-12-22 123823.png (2.76MB -> 2.33MB, 节省: 0.44MB)
2025-11-18 11:34:07,171 - INFO - 压缩成功: 屏幕截图 2025-03-18 151348.png (1.15MB -> 0.93MB, 节省: 0.22MB)
2025-11-18 11:34:09,176 - INFO - 压缩成功: 屏幕截图 2025-03-18 151403.png (2.58MB -> 2.16MB, 节省: 0.42MB)
2025-11-18 11:34:11,503 - INFO - 压缩成功: 屏幕截图 2025-03-18 151422.png (2.19MB -> 1.79MB, 节省: 0.39MB)
2025-11-18 11:34:13,834 - INFO - 压缩成功: 屏幕截图 2025-03-18 190321.png (2.21MB -> 1.82MB, 节省: 0.39MB)
2025-11-18 11:34:16,276 - INFO - 压缩成功: 屏幕截图 2025-03-20 132456.png (2.22MB -> 1.83MB, 节省: 0.39MB)
2025-11-18 11:34:17,058 - INFO - 压缩成功: 屏幕截图 2025-03-20 201215.png (1.19MB -> 0.96MB, 节省: 0.23MB)
2025-11-18 11:34:18,290 - INFO - 压缩成功: 屏幕截图 2025-03-20 201229.png (3.46MB -> 3.18MB, 节省: 0.28MB)
2025-11-18 11:34:21,012 - INFO - 压缩成功: 屏幕截图 2025-03-29 174308.png (1.99MB -> 1.58MB, 节省: 0.41MB)
2025-11-18 11:34:23,796 - INFO - 压缩成功: 屏幕截图 2025-03-29 174319.png (1.86MB -> 1.45MB, 节省: 0.41MB)
2025-11-18 11:34:24,567 - INFO - 压缩成功: 屏幕截图(3).png (1.95MB -> 1.67MB, 节省: 0.28MB)
2025-11-18 11:34:25,618 - INFO - 压缩成功: 屏幕截图(4).png (1.06MB -> 0.90MB, 节省: 0.16MB)
2025-11-18 11:34:26,780 - INFO - 压缩成功: 屏幕截图(5).png (1.10MB -> 0.94MB, 节省: 0.16MB)
2025-11-18 11:34:27,556 - INFO - 压缩成功: 屏幕截图(7).png (1.17MB -> 1.05MB, 节省: 0.12MB)
2025-11-18 11:34:28,508 - INFO - 压缩成功: 屏幕截图(9).png (0.99MB -> 0.84MB, 节省: 0.16MB)
2025-11-18 11:34:28,508 - INFO - 处理完成: 共处理 26 个文件，节省 12.10 MB
2025-11-18 11:38:16,658 - INFO - 开始处理文件夹: .\image\, 天数=7, 质量=65
2025-11-18 11:38:16,662 - INFO - 找到 0 个图片文件
2025-11-18 11:38:16,663 - INFO - 处理完成: 共处理 0 个文件，节省 0.00 MB
2025-11-18 11:49:07,013 - INFO - 开始处理文件夹: .\image\, 天数=7, 质量=65
2025-11-18 11:49:20,900 - INFO - 开始处理文件夹: .\image\, 天数=7, 质量=65
2025-11-18 11:49:20,905 - INFO - 找到 40 个图片文件，其中过期38个
2025-11-18 11:49:21,103 - INFO - 压缩成功: List_01.JPG (4.06MB -> 2.25MB, 节省: 1.81MB)
2025-11-18 11:49:21,217 - INFO - 压缩成功: List_02i.JPG (2.10MB -> 1.58MB, 节省: 0.52MB)
2025-11-18 11:49:21,338 - INFO - 压缩成功: List_03i.JPG (2.15MB -> 1.51MB, 节省: 0.64MB)
2025-11-18 11:49:21,461 - INFO - 压缩成功: List_04i.JPG (2.06MB -> 1.47MB, 节省: 0.59MB)
2025-11-18 11:49:21,579 - INFO - 压缩成功: List_05i.JPG (1.87MB -> 1.32MB, 节省: 0.55MB)
2025-11-18 11:49:21,814 - INFO - 压缩成功: List_06i-18i.JPG (4.27MB -> 3.07MB, 节省: 1.20MB)
2025-11-18 11:49:21,940 - INFO - 压缩成功: List_07i.JPG (2.33MB -> 1.67MB, 节省: 0.66MB)
2025-11-18 11:49:22,334 - INFO - 压缩成功: List_08t.JPG (4.63MB -> 2.91MB, 节省: 1.71MB)
2025-11-18 11:49:22,441 - INFO - 压缩成功: List_08tz-13tz.JPG (1.14MB -> 0.78MB, 节省: 0.37MB)
2025-11-18 11:49:22,849 - INFO - 压缩成功: List_09t.JPG (5.57MB -> 3.63MB, 节省: 1.93MB)
2025-11-18 11:49:23,240 - INFO - 压缩成功: List_10t.JPG (5.06MB -> 3.36MB, 节省: 1.70MB)
2025-11-18 11:49:23,241 - ERROR - 处理文件失败 image\JPG格式图纸及图示\List_11t.JPG: [WinError 183] 当文件已存在时，无法创建该文件。: 'image\\JPG格式图纸及图示\\List_11t.JPG' -> 'image\\JPG格式图纸及图示\\List_11t.bak.JPG'
2025-11-18 11:49:42,181 - INFO - 开始处理文件夹: .\image\, 天数=7, 质量=65
2025-11-18 11:49:42,186 - INFO - 找到 38 个图片文件，其中过期38个
2025-11-18 11:49:42,375 - INFO - 压缩成功: List_01.JPG (4.06MB -> 2.25MB, 节省: 1.81MB)
2025-11-18 11:49:42,499 - INFO - 压缩成功: List_02i.JPG (2.10MB -> 1.58MB, 节省: 0.52MB)
2025-11-18 11:49:42,633 - INFO - 压缩成功: List_03i.JPG (2.15MB -> 1.51MB, 节省: 0.64MB)
2025-11-18 11:49:42,757 - INFO - 压缩成功: List_04i.JPG (2.06MB -> 1.47MB, 节省: 0.59MB)
2025-11-18 11:49:42,877 - INFO - 压缩成功: List_05i.JPG (1.87MB -> 1.32MB, 节省: 0.55MB)
2025-11-18 11:49:43,116 - INFO - 压缩成功: List_06i-18i.JPG (4.27MB -> 3.07MB, 节省: 1.20MB)
2025-11-18 11:49:43,237 - INFO - 压缩成功: List_07i.JPG (2.33MB -> 1.67MB, 节省: 0.66MB)
2025-11-18 11:49:43,671 - INFO - 压缩成功: List_08t.JPG (4.63MB -> 2.91MB, 节省: 1.71MB)
2025-11-18 11:49:43,947 - INFO - 压缩成功: List_08tz-13tz.JPG (1.14MB -> 0.78MB, 节省: 0.37MB)
2025-11-18 11:49:44,370 - INFO - 压缩成功: List_09t.JPG (5.57MB -> 3.63MB, 节省: 1.93MB)
2025-11-18 11:49:44,773 - INFO - 压缩成功: List_10t.JPG (5.06MB -> 3.36MB, 节省: 1.70MB)
2025-11-18 11:49:45,178 - INFO - 压缩成功: List_11t.JPG (5.17MB -> 3.31MB, 节省: 1.86MB)
2025-11-18 11:49:45,570 - INFO - 压缩成功: List_12t.JPG (4.56MB -> 2.97MB, 节省: 1.60MB)
2025-11-18 11:49:45,978 - INFO - 压缩成功: List_13t.JPG (5.23MB -> 3.44MB, 节省: 1.79MB)
2025-11-18 11:49:46,072 - INFO - 压缩成功: List_14t.JPG (0.99MB -> 0.66MB, 节省: 0.33MB)
2025-11-18 11:49:46,153 - INFO - 压缩成功: List_15tb.JPG (0.60MB -> 0.44MB, 节省: 0.16MB)
2025-11-18 11:49:46,225 - INFO - 压缩成功: List_16tb.JPG (0.36MB -> 0.24MB, 节省: 0.12MB)
2025-11-18 11:49:46,309 - INFO - 压缩成功: List_17i.JPG (0.74MB -> 0.56MB, 节省: 0.18MB)
2025-11-18 11:49:46,418 - INFO - 压缩成功: List_19i.JPG (2.04MB -> 1.45MB, 节省: 0.59MB)
2025-11-18 11:49:46,524 - INFO - 压缩成功: List_20i.JPG (1.86MB -> 1.31MB, 节省: 0.55MB)
2025-11-18 11:49:46,621 - INFO - 压缩成功: List_21i.JPG (1.35MB -> 0.96MB, 节省: 0.39MB)
2025-11-18 11:49:46,708 - INFO - 压缩成功: List_22i.JPG (0.67MB -> 0.48MB, 节省: 0.19MB)
2025-11-18 11:49:46,886 - INFO - 压缩成功: List_23.JPG (4.03MB -> 2.28MB, 节省: 1.75MB)
2025-11-18 11:50:04,030 - INFO - 开始处理文件夹: .\image\, 天数=7, 质量=65
2025-11-18 11:50:04,034 - INFO - 找到 37 个图片文件，其中过期14个
2025-11-18 11:50:04,739 - INFO - 压缩成功: 屏幕截图 2025-03-18 151348.png (1.15MB -> 0.93MB, 节省: 0.22MB)
2025-11-18 11:50:06,744 - INFO - 压缩成功: 屏幕截图 2025-03-18 151403.png (2.58MB -> 2.16MB, 节省: 0.42MB)
2025-11-18 11:50:09,058 - INFO - 压缩成功: 屏幕截图 2025-03-18 151422.png (2.19MB -> 1.79MB, 节省: 0.39MB)
2025-11-18 11:50:11,367 - INFO - 压缩成功: 屏幕截图 2025-03-18 190321.png (2.21MB -> 1.82MB, 节省: 0.39MB)
2025-11-18 11:50:13,841 - INFO - 压缩成功: 屏幕截图 2025-03-20 132456.png (2.22MB -> 1.83MB, 节省: 0.39MB)
2025-11-18 11:50:14,640 - INFO - 压缩成功: 屏幕截图 2025-03-20 201215.png (1.19MB -> 0.96MB, 节省: 0.23MB)
2025-11-18 11:50:15,842 - INFO - 压缩成功: 屏幕截图 2025-03-20 201229.png (3.46MB -> 3.18MB, 节省: 0.28MB)
2025-11-18 11:50:18,558 - INFO - 压缩成功: 屏幕截图 2025-03-29 174308.png (1.99MB -> 1.58MB, 节省: 0.41MB)
2025-11-18 11:50:21,314 - INFO - 压缩成功: 屏幕截图 2025-03-29 174319.png (1.86MB -> 1.45MB, 节省: 0.41MB)
2025-11-18 11:50:22,074 - INFO - 压缩成功: 屏幕截图(3).png (1.95MB -> 1.67MB, 节省: 0.28MB)
2025-11-18 11:50:23,104 - INFO - 压缩成功: 屏幕截图(4).png (1.06MB -> 0.90MB, 节省: 0.16MB)
2025-11-18 11:50:24,269 - INFO - 压缩成功: 屏幕截图(5).png (1.10MB -> 0.94MB, 节省: 0.16MB)
2025-11-18 11:50:25,091 - INFO - 压缩成功: 屏幕截图(7).png (1.17MB -> 1.05MB, 节省: 0.12MB)
2025-11-18 11:50:26,057 - INFO - 压缩成功: 屏幕截图(9).png (0.99MB -> 0.84MB, 节省: 0.16MB)
2025-11-18 11:50:26,057 - INFO - 处理完成: 共处理 14 个文件，节省 4.01 MB
2025-11-18 11:50:29,355 - INFO - 开始处理文件夹: .\image\, 天数=7, 质量=65
2025-11-18 11:53:08,051 - INFO - 开始处理文件夹: .\image\, 天数=7, 质量=65
2025-11-18 11:57:17,912 - INFO - 开始处理文件夹: .\image\, 天数=7, 质量=65
2025-11-18 11:57:28,527 - INFO - 开始处理文件夹: .\image\, 天数=7, 质量=65
2025-11-18 11:57:28,532 - INFO - 找到 38 个图片文件，其中过期38个
2025-11-18 11:57:28,717 - INFO - 压缩成功: List_01.JPG (4.06MB -> 2.25MB, 节省: 1.81MB)
2025-11-18 11:57:28,826 - INFO - 压缩成功: List_02i.JPG (2.10MB -> 1.58MB, 节省: 0.52MB)
2025-11-18 11:57:28,939 - INFO - 压缩成功: List_03i.JPG (2.15MB -> 1.51MB, 节省: 0.64MB)
2025-11-18 11:57:29,049 - INFO - 压缩成功: List_04i.JPG (2.06MB -> 1.47MB, 节省: 0.59MB)
2025-11-18 11:57:29,164 - INFO - 压缩成功: List_05i.JPG (1.87MB -> 1.32MB, 节省: 0.55MB)
2025-11-18 11:57:29,410 - INFO - 压缩成功: List_06i-18i.JPG (4.27MB -> 3.07MB, 节省: 1.20MB)
2025-11-18 11:57:29,542 - INFO - 压缩成功: List_07i.JPG (2.33MB -> 1.67MB, 节省: 0.66MB)
2025-11-18 11:57:29,958 - INFO - 压缩成功: List_08t.JPG (4.63MB -> 2.91MB, 节省: 1.71MB)
2025-11-18 11:57:30,063 - INFO - 压缩成功: List_08tz-13tz.JPG (1.14MB -> 0.78MB, 节省: 0.37MB)
2025-11-18 11:57:30,444 - INFO - 压缩成功: List_09t.JPG (5.57MB -> 3.63MB, 节省: 1.93MB)
2025-11-18 11:57:30,859 - INFO - 压缩成功: List_10t.JPG (5.06MB -> 3.36MB, 节省: 1.70MB)
2025-11-18 11:57:31,246 - INFO - 压缩成功: List_11t.JPG (5.17MB -> 3.31MB, 节省: 1.86MB)
2025-11-18 11:57:31,591 - INFO - 压缩成功: List_12t.JPG (4.56MB -> 2.97MB, 节省: 1.60MB)
2025-11-18 11:57:32,013 - INFO - 压缩成功: List_13t.JPG (5.23MB -> 3.44MB, 节省: 1.79MB)
2025-11-18 11:57:32,105 - INFO - 压缩成功: List_14t.JPG (0.99MB -> 0.66MB, 节省: 0.33MB)
2025-11-18 11:57:32,184 - INFO - 压缩成功: List_15tb.JPG (0.60MB -> 0.44MB, 节省: 0.16MB)
2025-11-18 11:57:32,255 - INFO - 压缩成功: List_16tb.JPG (0.36MB -> 0.24MB, 节省: 0.12MB)
2025-11-18 11:57:32,336 - INFO - 压缩成功: List_17i.JPG (0.74MB -> 0.56MB, 节省: 0.18MB)
2025-11-18 11:57:32,446 - INFO - 压缩成功: List_19i.JPG (2.04MB -> 1.45MB, 节省: 0.59MB)
2025-11-18 11:57:32,553 - INFO - 压缩成功: List_20i.JPG (1.86MB -> 1.31MB, 节省: 0.55MB)
2025-11-18 11:57:32,653 - INFO - 压缩成功: List_21i.JPG (1.35MB -> 0.96MB, 节省: 0.39MB)
2025-11-18 11:57:32,736 - INFO - 压缩成功: List_22i.JPG (0.67MB -> 0.48MB, 节省: 0.19MB)
2025-11-18 11:57:32,906 - INFO - 压缩成功: List_23.JPG (4.03MB -> 2.28MB, 节省: 1.75MB)
2025-11-18 11:57:34,497 - INFO - 压缩成功: 屏幕截图 2024-12-22 123823.png (2.76MB -> 2.33MB, 节省: 0.44MB)
2025-11-18 11:57:35,175 - INFO - 压缩成功: 屏幕截图 2025-03-18 151348.png (1.15MB -> 0.93MB, 节省: 0.22MB)
2025-11-18 11:57:37,164 - INFO - 压缩成功: 屏幕截图 2025-03-18 151403.png (2.58MB -> 2.16MB, 节省: 0.42MB)
2025-11-18 11:57:39,515 - INFO - 压缩成功: 屏幕截图 2025-03-18 151422.png (2.19MB -> 1.79MB, 节省: 0.39MB)
2025-11-18 11:57:41,804 - INFO - 压缩成功: 屏幕截图 2025-03-18 190321.png (2.21MB -> 1.82MB, 节省: 0.39MB)
2025-11-18 11:57:44,206 - INFO - 压缩成功: 屏幕截图 2025-03-20 132456.png (2.22MB -> 1.83MB, 节省: 0.39MB)
2025-11-18 11:57:44,975 - INFO - 压缩成功: 屏幕截图 2025-03-20 201215.png (1.19MB -> 0.96MB, 节省: 0.23MB)
2025-11-18 11:57:46,158 - INFO - 压缩成功: 屏幕截图 2025-03-20 201229.png (3.46MB -> 3.18MB, 节省: 0.28MB)
2025-11-18 11:57:48,826 - INFO - 压缩成功: 屏幕截图 2025-03-29 174308.png (1.99MB -> 1.58MB, 节省: 0.41MB)
2025-11-18 11:57:51,526 - INFO - 压缩成功: 屏幕截图 2025-03-29 174319.png (1.86MB -> 1.45MB, 节省: 0.41MB)
2025-11-18 11:57:52,291 - INFO - 压缩成功: 屏幕截图(3).png (1.95MB -> 1.67MB, 节省: 0.28MB)
2025-11-18 11:57:53,300 - INFO - 压缩成功: 屏幕截图(4).png (1.06MB -> 0.90MB, 节省: 0.16MB)
2025-11-18 11:57:54,420 - INFO - 压缩成功: 屏幕截图(5).png (1.10MB -> 0.94MB, 节省: 0.16MB)
2025-11-18 11:57:55,178 - INFO - 压缩成功: 屏幕截图(7).png (1.17MB -> 1.05MB, 节省: 0.12MB)
2025-11-18 11:57:56,114 - INFO - 压缩成功: 屏幕截图(9).png (0.99MB -> 0.84MB, 节省: 0.16MB)
2025-11-18 11:57:56,114 - INFO - 处理完成: 共处理 38 个文件，节省 25.65 MB
2025-11-18 14:21:31,052 - INFO - 开始处理文件夹: .\image\, 天数=7, 质量=65
2025-11-18 14:29:31,223 - INFO - 开始处理文件夹: .\image\, 天数=7, 质量=65
2025-11-18 14:36:29,328 - INFO - 开始处理文件夹: .\image\, 天数=7, 质量=65
2025-11-18 14:36:29,332 - INFO - 找到 38 个图片文件，其中过期38个
2025-11-18 14:36:29,522 - INFO - 压缩成功: List_01.JPG (4.06MB -> 2.25MB, 节省: 1.81MB)
2025-11-18 14:36:29,630 - INFO - 压缩成功: List_02i.JPG (2.10MB -> 1.58MB, 节省: 0.52MB)
2025-11-18 14:36:29,743 - INFO - 压缩成功: List_03i.JPG (2.15MB -> 1.51MB, 节省: 0.64MB)
2025-11-18 14:36:29,866 - INFO - 压缩成功: List_04i.JPG (2.06MB -> 1.47MB, 节省: 0.59MB)
2025-11-18 14:36:29,986 - INFO - 压缩成功: List_05i.JPG (1.87MB -> 1.32MB, 节省: 0.55MB)
2025-11-18 14:36:30,223 - INFO - 压缩成功: List_06i-18i.JPG (4.27MB -> 3.07MB, 节省: 1.20MB)
2025-11-18 14:36:30,347 - INFO - 压缩成功: List_07i.JPG (2.33MB -> 1.67MB, 节省: 0.66MB)
2025-11-18 14:36:30,773 - INFO - 压缩成功: List_08t.JPG (4.63MB -> 2.91MB, 节省: 1.71MB)
2025-11-18 14:36:30,876 - INFO - 压缩成功: List_08tz-13tz.JPG (1.14MB -> 0.78MB, 节省: 0.37MB)
2025-11-18 14:36:31,281 - INFO - 压缩成功: List_09t.JPG (5.57MB -> 3.63MB, 节省: 1.93MB)
2025-11-18 14:36:31,701 - INFO - 压缩成功: List_10t.JPG (5.06MB -> 3.36MB, 节省: 1.70MB)
2025-11-18 14:36:32,100 - INFO - 压缩成功: List_11t.JPG (5.17MB -> 3.31MB, 节省: 1.86MB)
2025-11-18 14:36:32,481 - INFO - 压缩成功: List_12t.JPG (4.56MB -> 2.97MB, 节省: 1.60MB)
2025-11-18 14:36:32,910 - INFO - 压缩成功: List_13t.JPG (5.23MB -> 3.44MB, 节省: 1.79MB)
2025-11-18 14:36:32,998 - INFO - 压缩成功: List_14t.JPG (0.99MB -> 0.66MB, 节省: 0.33MB)
2025-11-18 14:36:33,075 - INFO - 压缩成功: List_15tb.JPG (0.60MB -> 0.44MB, 节省: 0.16MB)
2025-11-18 14:36:33,153 - INFO - 压缩成功: List_16tb.JPG (0.36MB -> 0.24MB, 节省: 0.12MB)
2025-11-18 14:36:33,243 - INFO - 压缩成功: List_17i.JPG (0.74MB -> 0.56MB, 节省: 0.18MB)
2025-11-18 14:36:33,353 - INFO - 压缩成功: List_19i.JPG (2.04MB -> 1.45MB, 节省: 0.59MB)
2025-11-18 14:36:33,458 - INFO - 压缩成功: List_20i.JPG (1.86MB -> 1.31MB, 节省: 0.55MB)
2025-11-18 14:36:33,555 - INFO - 压缩成功: List_21i.JPG (1.35MB -> 0.96MB, 节省: 0.39MB)
2025-11-18 14:36:33,639 - INFO - 压缩成功: List_22i.JPG (0.67MB -> 0.48MB, 节省: 0.19MB)
2025-11-18 14:36:33,803 - INFO - 压缩成功: List_23.JPG (4.03MB -> 2.28MB, 节省: 1.75MB)
2025-11-18 14:36:35,380 - INFO - 压缩成功: 屏幕截图 2024-12-22 123823.png (2.76MB -> 2.33MB, 节省: 0.44MB)
2025-11-18 14:36:36,043 - INFO - 压缩成功: 屏幕截图 2025-03-18 151348.png (1.15MB -> 0.93MB, 节省: 0.22MB)
2025-11-18 14:36:38,041 - INFO - 压缩成功: 屏幕截图 2025-03-18 151403.png (2.58MB -> 2.16MB, 节省: 0.42MB)
2025-11-18 14:36:40,351 - INFO - 压缩成功: 屏幕截图 2025-03-18 151422.png (2.19MB -> 1.79MB, 节省: 0.39MB)
2025-11-18 14:36:42,736 - INFO - 压缩成功: 屏幕截图 2025-03-18 190321.png (2.21MB -> 1.82MB, 节省: 0.39MB)
2025-11-18 14:36:45,153 - INFO - 压缩成功: 屏幕截图 2025-03-20 132456.png (2.22MB -> 1.83MB, 节省: 0.39MB)
2025-11-18 14:36:45,935 - INFO - 压缩成功: 屏幕截图 2025-03-20 201215.png (1.19MB -> 0.96MB, 节省: 0.23MB)
2025-11-18 14:36:47,128 - INFO - 压缩成功: 屏幕截图 2025-03-20 201229.png (3.46MB -> 3.18MB, 节省: 0.28MB)
2025-11-18 14:36:49,772 - INFO - 压缩成功: 屏幕截图 2025-03-29 174308.png (1.99MB -> 1.58MB, 节省: 0.41MB)
2025-11-18 14:36:52,486 - INFO - 压缩成功: 屏幕截图 2025-03-29 174319.png (1.86MB -> 1.45MB, 节省: 0.41MB)
2025-11-18 14:36:53,261 - INFO - 压缩成功: 屏幕截图(3).png (1.95MB -> 1.67MB, 节省: 0.28MB)
2025-11-18 14:36:54,317 - INFO - 压缩成功: 屏幕截图(4).png (1.06MB -> 0.90MB, 节省: 0.16MB)
2025-11-18 14:36:55,472 - INFO - 压缩成功: 屏幕截图(5).png (1.10MB -> 0.94MB, 节省: 0.16MB)
2025-11-18 14:36:56,251 - INFO - 压缩成功: 屏幕截图(7).png (1.17MB -> 1.05MB, 节省: 0.12MB)
2025-11-18 14:36:57,291 - INFO - 压缩成功: 屏幕截图(9).png (0.99MB -> 0.84MB, 节省: 0.16MB)
2025-11-18 14:36:57,292 - INFO - 处理完成: 共处理 38 个文件，节省 25.65 MB
2025-11-18 14:42:58,896 - INFO - 开始处理文件夹: .\image\, 天数=7, 质量=65
2025-11-18 14:42:58,901 - INFO - 找到 38 个图片文件，其中没有过期文件
